<?xml version="1.0" encoding="UTF-8"?>
<testsuites name="Test Suite 1" time="219" tests="3" failures="0" errors="0">
   <testsuite name="Test Suite 1" tests="3" failures="0" errors="0" time="219" timestamp="2018-05-25 13:57:10" hostname="Vikas Bhalla - VikasBhalla-PC" id="Test Suites/Test Suite 1">
      <properties>
         <property name="deviceName" value=""/>
         <property name="devicePlatform" value=""/>
         <property name="logFolder" value="F:\\Katalon Automation Projects\\System3Dashboard\\system3Dashboard\\Reports\\Test Suite 1\\20180525_135709"/>
         <property name="logFiles" value="F:\\Katalon Automation Projects\\System3Dashboard\\system3Dashboard\\Reports\\Test Suite 1\\20180525_135709\\execution0.log"/>
         <property name="attachments" value=""/>
         <property name="hostName" value="Vikas Bhalla - VikasBhalla-PC"/>
         <property name="os" value="Windows 7 64bit"/>
         <property name="katalonVersion" value="5.4.1.1"/>
         <property name="browser" value="Chrome 66.0.3359.181"/>
         <property name="hostAddress" value="10.37.201.227"/>
         <property name="sessionId" value="f931baaf34cfd3fe501d4918fb8bdb98"/>
         <property name="seleniumVersion" value="3.7.1"/>
         <property name="proxyInformation" value="ProxyInformation{proxyOption=NO_PROXY, proxyServerType=HTTP, password=, proxyServerAddress=, proxyServerPort=0}"/>
         <property name="platform" value="Windows 7"/>
      </properties>
      <testcase name="Test Cases/Main Test Cases/TC1_Verify Sign in with Valid Email Account" classname="Test Cases/Main Test Cases/TC1_Verify Sign in with Valid Email Account" status="PASSED">
         <system-out><![CDATA[2018-05-25 13:57:10 - [TEST_CASE][PASSED] - Test Cases/Main Test Cases/TC1_Verify Sign in with Valid Email Account: Test Cases/Main Test Cases/TC1_Verify Sign in with Valid Email Account

2018-05-25 13:57:11 - [TEST_STEP][PASSED] - openBrowser: Browser is opened with url: ''

2018-05-25 13:57:16 - [MESSAGE][PASSED] - Browser is opened with url: ''

2018-05-25 13:57:16 - [TEST_STEP][PASSED] - deleteAllCookies: Delete all cookies successfully

2018-05-25 13:57:17 - [MESSAGE][PASSED] - Delete all cookies successfully

2018-05-25 13:57:17 - [TEST_STEP][PASSED] - refresh: Refresh successfully

2018-05-25 13:57:18 - [MESSAGE][PASSED] - Refresh successfully

2018-05-25 13:57:18 - [TEST_STEP][PASSED] - navigateToUrl: Navigate to 'https://neptune-staging.smartcloud.smartsys.io' successfully

2018-05-25 13:57:21 - [MESSAGE][PASSED] - Navigate to 'https://neptune-staging.smartcloud.smartsys.io' successfully

2018-05-25 13:57:21 - [TEST_STEP][PASSED] - maximizeWindow: Current window maximized

2018-05-25 13:57:23 - [MESSAGE][PASSED] - Current window maximized

2018-05-25 13:57:23 - [TEST_STEP][PASSED] - verifyElementPresent: Object 'Object Repository/SignIn_OR/Page_SmartCloud  Login/button_Sign in with emailEmail' is present

2018-05-25 13:57:23 - [MESSAGE][WARNING] - Timeout '0' is invalid. Using default page load timeout: '30'

2018-05-25 13:57:24 - [MESSAGE][PASSED] - Object 'Object Repository/SignIn_OR/Page_SmartCloud  Login/button_Sign in with emailEmail' is present

2018-05-25 13:57:24 - [TEST_STEP][PASSED] - verifyElementPresent: Object 'Object Repository/SignIn_OR/Page_SmartCloud  Login/button_Sign in with GoogleGoog' is present

2018-05-25 13:57:24 - [MESSAGE][WARNING] - Timeout '0' is invalid. Using default page load timeout: '30'

2018-05-25 13:57:25 - [MESSAGE][PASSED] - Object 'Object Repository/SignIn_OR/Page_SmartCloud  Login/button_Sign in with GoogleGoog' is present

2018-05-25 13:57:25 - [TEST_STEP][PASSED] - click: Object: 'Object Repository/SignIn_OR/Page_SmartCloud  Login/span_Sign in with email' is clicked on

2018-05-25 13:57:27 - [MESSAGE][PASSED] - Object: 'Object Repository/SignIn_OR/Page_SmartCloud  Login/span_Sign in with email' is clicked on

2018-05-25 13:57:27 - [TEST_STEP][PASSED] - verifyElementPresent: Object 'Object Repository/SignIn_OR/Page_SmartCloud  Login/div_Email' is present

2018-05-25 13:57:27 - [MESSAGE][WARNING] - Timeout '0' is invalid. Using default page load timeout: '30'

2018-05-25 13:57:28 - [MESSAGE][PASSED] - Object 'Object Repository/SignIn_OR/Page_SmartCloud  Login/div_Email' is present

2018-05-25 13:57:28 - [TEST_STEP][PASSED] - verifyElementPresent: Object 'Object Repository/SignIn_OR/Page_SmartCloud  Login/h1_Sign in with email' is present

2018-05-25 13:57:28 - [MESSAGE][WARNING] - Timeout '0' is invalid. Using default page load timeout: '30'

2018-05-25 13:57:29 - [MESSAGE][PASSED] - Object 'Object Repository/SignIn_OR/Page_SmartCloud  Login/h1_Sign in with email' is present

2018-05-25 13:57:29 - [TEST_STEP][PASSED] - setText: Text 'vikas.bhalla@smartparking.com' is set on object 'Object Repository/SignIn_OR/Page_SmartCloud  Login/input_email'

2018-05-25 13:57:33 - [MESSAGE][PASSED] - Text 'vikas.bhalla@smartparking.com' is set on object 'Object Repository/SignIn_OR/Page_SmartCloud  Login/input_email'

2018-05-25 13:57:33 - [TEST_STEP][PASSED] - verifyElementPresent: Object 'Object Repository/SignIn_OR/Page_SmartCloud  Login/button_Next' is present

2018-05-25 13:57:33 - [MESSAGE][WARNING] - Timeout '0' is invalid. Using default page load timeout: '30'

2018-05-25 13:57:34 - [MESSAGE][PASSED] - Object 'Object Repository/SignIn_OR/Page_SmartCloud  Login/button_Next' is present

2018-05-25 13:57:34 - [TEST_STEP][PASSED] - verifyElementPresent: Object 'Object Repository/SignIn_OR/Page_SmartCloud  Login/button_Cancel' is present

2018-05-25 13:57:34 - [MESSAGE][WARNING] - Timeout '0' is invalid. Using default page load timeout: '30'

2018-05-25 13:57:35 - [MESSAGE][PASSED] - Object 'Object Repository/SignIn_OR/Page_SmartCloud  Login/button_Cancel' is present

2018-05-25 13:57:35 - [TEST_STEP][PASSED] - click: Object: 'Object Repository/SignIn_OR/Page_SmartCloud  Login/button_Next' is clicked on

2018-05-25 13:57:38 - [MESSAGE][PASSED] - Object: 'Object Repository/SignIn_OR/Page_SmartCloud  Login/button_Next' is clicked on

2018-05-25 13:57:38 - [TEST_STEP][PASSED] - setText: Text 'Prod1234' is set on object 'Object Repository/SignIn_OR/Page_SmartCloud  Login/input_password'

2018-05-25 13:57:43 - [MESSAGE][PASSED] - Text 'Prod1234' is set on object 'Object Repository/SignIn_OR/Page_SmartCloud  Login/input_password'

2018-05-25 13:57:43 - [TEST_STEP][PASSED] - verifyElementPresent: Object 'Object Repository/SignIn_OR/Page_SmartCloud  Login/button_Sign In' is present

2018-05-25 13:57:43 - [MESSAGE][WARNING] - Timeout '0' is invalid. Using default page load timeout: '30'

2018-05-25 13:57:44 - [MESSAGE][PASSED] - Object 'Object Repository/SignIn_OR/Page_SmartCloud  Login/button_Sign In' is present

2018-05-25 13:57:44 - [TEST_STEP][PASSED] - click: Object: 'Object Repository/SignIn_OR/Page_SmartCloud  Login/button_Sign In' is clicked on

2018-05-25 13:57:46 - [MESSAGE][PASSED] - Object: 'Object Repository/SignIn_OR/Page_SmartCloud  Login/button_Sign In' is clicked on

2018-05-25 13:57:46 - [TEST_STEP][PASSED] - verifyElementPresent: Object 'Object Repository/SignIn_OR/Page_SmartCloud/h3_SmartPark Dashboard' is present

2018-05-25 13:57:46 - [MESSAGE][WARNING] - Timeout '0' is invalid. Using default page load timeout: '30'

2018-05-25 13:57:53 - [MESSAGE][PASSED] - Object 'Object Repository/SignIn_OR/Page_SmartCloud/h3_SmartPark Dashboard' is present

2018-05-25 13:57:53 - [TEST_STEP][PASSED] - verifyElementPresent: Object 'Object Repository/SignIn_OR/Page_SmartCloud/div_SmartCloud' is present

2018-05-25 13:57:53 - [MESSAGE][WARNING] - Timeout '0' is invalid. Using default page load timeout: '30'

2018-05-25 13:57:54 - [MESSAGE][PASSED] - Object 'Object Repository/SignIn_OR/Page_SmartCloud/div_SmartCloud' is present

2018-05-25 13:57:54 - [TEST_STEP][PASSED] - click: Object: 'Object Repository/SignIn_OR/Page_SmartCloud/img' is clicked on

2018-05-25 13:57:57 - [MESSAGE][PASSED] - Object: 'Object Repository/SignIn_OR/Page_SmartCloud/img' is clicked on

2018-05-25 13:57:57 - [TEST_STEP][PASSED] - click: Object: 'Object Repository/SignIn_OR/Page_SmartCloud/a_Logout' is clicked on

2018-05-25 13:58:00 - [MESSAGE][PASSED] - Object: 'Object Repository/SignIn_OR/Page_SmartCloud/a_Logout' is clicked on

2018-05-25 13:58:00 - [TEST_STEP][PASSED] - verifyElementPresent: Object 'Object Repository/SignIn_OR/Page_SmartCloud  Login/button_Sign in with emailEmail' is present

2018-05-25 13:58:00 - [MESSAGE][WARNING] - Timeout '0' is invalid. Using default page load timeout: '30'

2018-05-25 13:58:01 - [MESSAGE][PASSED] - Object 'Object Repository/SignIn_OR/Page_SmartCloud  Login/button_Sign in with emailEmail' is present

2018-05-25 13:58:01 - [TEST_STEP][PASSED] - verifyElementPresent: Object 'Object Repository/SignIn_OR/Page_SmartCloud  Login/button_Sign in with GoogleGoog' is present

2018-05-25 13:58:01 - [MESSAGE][WARNING] - Timeout '0' is invalid. Using default page load timeout: '30'

2018-05-25 13:58:02 - [MESSAGE][PASSED] - Object 'Object Repository/SignIn_OR/Page_SmartCloud  Login/button_Sign in with GoogleGoog' is present

2018-05-25 13:58:02 - [TEST_STEP][PASSED] - closeBrowser: Browser is closed

2018-05-25 13:58:03 - [MESSAGE][PASSED] - Browser is closed]]></system-out>
         <system-err><![CDATA[]]></system-err>
      </testcase>
      <testcase name="Test Cases/Main Test Cases/TC4_Verify User with Limited Access Permissions" classname="Test Cases/Main Test Cases/TC4_Verify User with Limited Access Permissions" status="PASSED">
         <system-out><![CDATA[2018-05-25 13:58:03 - [TEST_CASE][PASSED] - Test Cases/Main Test Cases/TC4_Verify User with Limited Access Permissions: Test Cases/Main Test Cases/TC4_Verify User with Limited Access Permissions

2018-05-25 13:58:04 - [TEST_STEP][PASSED] - openBrowser: Browser is opened with url: ''

2018-05-25 13:58:08 - [MESSAGE][PASSED] - Browser is opened with url: ''

2018-05-25 13:58:08 - [TEST_STEP][PASSED] - deleteAllCookies: Delete all cookies successfully

2018-05-25 13:58:09 - [MESSAGE][PASSED] - Delete all cookies successfully

2018-05-25 13:58:09 - [TEST_STEP][PASSED] - refresh: Refresh successfully

2018-05-25 13:58:10 - [MESSAGE][PASSED] - Refresh successfully

2018-05-25 13:58:10 - [TEST_STEP][PASSED] - navigateToUrl: Navigate to 'https://neptune-staging.smartcloud.smartsys.io' successfully

2018-05-25 13:58:13 - [MESSAGE][PASSED] - Navigate to 'https://neptune-staging.smartcloud.smartsys.io' successfully

2018-05-25 13:58:13 - [TEST_STEP][PASSED] - maximizeWindow: Current window maximized

2018-05-25 13:58:15 - [MESSAGE][PASSED] - Current window maximized

2018-05-25 13:58:15 - [TEST_STEP][PASSED] - verifyElementPresent: Object 'Object Repository/SignIn_OR/Page_SmartCloud  Login/button_Sign in with emailEmail' is present

2018-05-25 13:58:15 - [MESSAGE][WARNING] - Timeout '0' is invalid. Using default page load timeout: '30'

2018-05-25 13:58:16 - [MESSAGE][PASSED] - Object 'Object Repository/SignIn_OR/Page_SmartCloud  Login/button_Sign in with emailEmail' is present

2018-05-25 13:58:16 - [TEST_STEP][PASSED] - verifyElementPresent: Object 'Object Repository/SignIn_OR/Page_SmartCloud  Login/button_Sign in with GoogleGoog' is present

2018-05-25 13:58:16 - [MESSAGE][WARNING] - Timeout '0' is invalid. Using default page load timeout: '30'

2018-05-25 13:58:17 - [MESSAGE][PASSED] - Object 'Object Repository/SignIn_OR/Page_SmartCloud  Login/button_Sign in with GoogleGoog' is present

2018-05-25 13:58:17 - [TEST_STEP][PASSED] - click: Object: 'Object Repository/SignIn_OR/Page_SmartCloud  Login/span_Sign in with email' is clicked on

2018-05-25 13:58:19 - [MESSAGE][PASSED] - Object: 'Object Repository/SignIn_OR/Page_SmartCloud  Login/span_Sign in with email' is clicked on

2018-05-25 13:58:19 - [TEST_STEP][PASSED] - verifyElementPresent: Object 'Object Repository/SignIn_OR/Page_SmartCloud  Login/div_Email' is present

2018-05-25 13:58:19 - [MESSAGE][WARNING] - Timeout '0' is invalid. Using default page load timeout: '30'

2018-05-25 13:58:20 - [MESSAGE][PASSED] - Object 'Object Repository/SignIn_OR/Page_SmartCloud  Login/div_Email' is present

2018-05-25 13:58:20 - [TEST_STEP][PASSED] - verifyElementPresent: Object 'Object Repository/SignIn_OR/Page_SmartCloud  Login/h1_Sign in with email' is present

2018-05-25 13:58:20 - [MESSAGE][WARNING] - Timeout '0' is invalid. Using default page load timeout: '30'

2018-05-25 13:58:21 - [MESSAGE][PASSED] - Object 'Object Repository/SignIn_OR/Page_SmartCloud  Login/h1_Sign in with email' is present

2018-05-25 13:58:21 - [TEST_STEP][PASSED] - setText: Text 'vikasb.smartparking@gmail.com' is set on object 'Object Repository/SignIn_OR/Page_SmartCloud  Login/input_email'

2018-05-25 13:58:25 - [MESSAGE][PASSED] - Text 'vikasb.smartparking@gmail.com' is set on object 'Object Repository/SignIn_OR/Page_SmartCloud  Login/input_email'

2018-05-25 13:58:25 - [TEST_STEP][PASSED] - verifyElementPresent: Object 'Object Repository/SignIn_OR/Page_SmartCloud  Login/button_Next' is present

2018-05-25 13:58:25 - [MESSAGE][WARNING] - Timeout '0' is invalid. Using default page load timeout: '30'

2018-05-25 13:58:26 - [MESSAGE][PASSED] - Object 'Object Repository/SignIn_OR/Page_SmartCloud  Login/button_Next' is present

2018-05-25 13:58:26 - [TEST_STEP][PASSED] - verifyElementPresent: Object 'Object Repository/SignIn_OR/Page_SmartCloud  Login/button_Cancel' is present

2018-05-25 13:58:26 - [MESSAGE][WARNING] - Timeout '0' is invalid. Using default page load timeout: '30'

2018-05-25 13:58:27 - [MESSAGE][PASSED] - Object 'Object Repository/SignIn_OR/Page_SmartCloud  Login/button_Cancel' is present

2018-05-25 13:58:27 - [TEST_STEP][PASSED] - click: Object: 'Object Repository/SignIn_OR/Page_SmartCloud  Login/button_Next' is clicked on

2018-05-25 13:58:29 - [MESSAGE][PASSED] - Object: 'Object Repository/SignIn_OR/Page_SmartCloud  Login/button_Next' is clicked on

2018-05-25 13:58:29 - [TEST_STEP][PASSED] - setText: Text 'test1234' is set on object 'Object Repository/SignIn_OR/Page_SmartCloud  Login/input_password'

2018-05-25 13:58:35 - [MESSAGE][PASSED] - Text 'test1234' is set on object 'Object Repository/SignIn_OR/Page_SmartCloud  Login/input_password'

2018-05-25 13:58:35 - [TEST_STEP][PASSED] - verifyElementPresent: Object 'Object Repository/SignIn_OR/Page_SmartCloud  Login/button_Sign In' is present

2018-05-25 13:58:35 - [MESSAGE][WARNING] - Timeout '0' is invalid. Using default page load timeout: '30'

2018-05-25 13:58:36 - [MESSAGE][PASSED] - Object 'Object Repository/SignIn_OR/Page_SmartCloud  Login/button_Sign In' is present

2018-05-25 13:58:36 - [TEST_STEP][PASSED] - click: Object: 'Object Repository/SignIn_OR/Page_SmartCloud  Login/button_Sign In' is clicked on

2018-05-25 13:58:38 - [MESSAGE][PASSED] - Object: 'Object Repository/SignIn_OR/Page_SmartCloud  Login/button_Sign In' is clicked on

2018-05-25 13:58:38 - [TEST_STEP][PASSED] - verifyElementPresent: Object 'Object Repository/SignIn_OR/Page_SmartCloud/h3_SmartPark Dashboard' is present

2018-05-25 13:58:38 - [MESSAGE][WARNING] - Timeout '0' is invalid. Using default page load timeout: '30'

2018-05-25 13:58:45 - [MESSAGE][PASSED] - Object 'Object Repository/SignIn_OR/Page_SmartCloud/h3_SmartPark Dashboard' is present

2018-05-25 13:58:45 - [TEST_STEP][PASSED] - verifyElementPresent: Object 'Object Repository/SignIn_OR/Page_SmartCloud/div_SmartCloud' is present

2018-05-25 13:58:45 - [MESSAGE][WARNING] - Timeout '0' is invalid. Using default page load timeout: '30'

2018-05-25 13:58:46 - [MESSAGE][PASSED] - Object 'Object Repository/SignIn_OR/Page_SmartCloud/div_SmartCloud' is present

2018-05-25 13:58:46 - [TEST_STEP][PASSED] - click: Object: 'Object Repository/Menu_Global_Access_OR/Page_SmartCloud/img' is clicked on

2018-05-25 13:58:48 - [MESSAGE][PASSED] - Object: 'Object Repository/Menu_Global_Access_OR/Page_SmartCloud/img' is clicked on

2018-05-25 13:58:48 - [TEST_STEP][PASSED] - verifyElementPresent: Object 'Object Repository/Menu_Limited_Access_OR/Page_SmartCloud/div_view_quiltMy Dashboardstim' is present

2018-05-25 13:58:48 - [MESSAGE][WARNING] - Timeout '0' is invalid. Using default page load timeout: '30'

2018-05-25 13:58:49 - [MESSAGE][PASSED] - Object 'Object Repository/Menu_Limited_Access_OR/Page_SmartCloud/div_view_quiltMy Dashboardstim' is present

2018-05-25 13:58:49 - [TEST_STEP][PASSED] - verifyElementPresent: Object 'Object Repository/Menu_Global_Access_OR/Page_SmartCloud/div_view_quiltMy Dashboards' is present

2018-05-25 13:58:49 - [MESSAGE][WARNING] - Timeout '0' is invalid. Using default page load timeout: '30'

2018-05-25 13:58:50 - [MESSAGE][PASSED] - Object 'Object Repository/Menu_Global_Access_OR/Page_SmartCloud/div_view_quiltMy Dashboards' is present

2018-05-25 13:58:50 - [TEST_STEP][PASSED] - click: Object: 'Object Repository/Menu_Global_Access_OR/Page_SmartCloud/div_view_quiltMy Dashboards' is clicked on

2018-05-25 13:58:53 - [MESSAGE][PASSED] - Object: 'Object Repository/Menu_Global_Access_OR/Page_SmartCloud/div_view_quiltMy Dashboards' is clicked on

2018-05-25 13:58:53 - [TEST_STEP][PASSED] - verifyElementPresent: Object 'Object Repository/Menu_Global_Access_OR/Page_SmartCloud/div_add_to_queueNew Dashboard' is present

2018-05-25 13:58:53 - [MESSAGE][WARNING] - Timeout '0' is invalid. Using default page load timeout: '30'

2018-05-25 13:58:54 - [MESSAGE][PASSED] - Object 'Object Repository/Menu_Global_Access_OR/Page_SmartCloud/div_add_to_queueNew Dashboard' is present

2018-05-25 13:58:54 - [TEST_STEP][PASSED] - verifyElementPresent: Object 'Object Repository/Menu_Global_Access_OR/Page_SmartCloud/div_time_to_leaveSmartPark' is present

2018-05-25 13:58:54 - [MESSAGE][WARNING] - Timeout '0' is invalid. Using default page load timeout: '30'

2018-05-25 13:58:55 - [MESSAGE][PASSED] - Object 'Object Repository/Menu_Global_Access_OR/Page_SmartCloud/div_time_to_leaveSmartPark' is present

2018-05-25 13:58:55 - [TEST_STEP][PASSED] - click: Object: 'Object Repository/Menu_Global_Access_OR/Page_SmartCloud/div_time_to_leaveSmartPark' is clicked on

2018-05-25 13:58:57 - [MESSAGE][PASSED] - Object: 'Object Repository/Menu_Global_Access_OR/Page_SmartCloud/div_time_to_leaveSmartPark' is clicked on

2018-05-25 13:58:57 - [TEST_STEP][PASSED] - verifyElementPresent: Object 'Object Repository/Menu_Global_Access_OR/Page_SmartCloud/div_time_to_leaveSmart Park Da' is present

2018-05-25 13:58:57 - [MESSAGE][WARNING] - Timeout '0' is invalid. Using default page load timeout: '30'

2018-05-25 13:58:58 - [MESSAGE][PASSED] - Object 'Object Repository/Menu_Global_Access_OR/Page_SmartCloud/div_time_to_leaveSmart Park Da' is present

2018-05-25 13:58:58 - [TEST_STEP][PASSED] - verifyElementNotPresent: Web element with id: 'Object Repository/Menu_Global_Access_OR/Page_SmartCloud/div_local_parkingDefine Sector' located by 'By.xpath: //div[(text() = 'local_parkingDefine Sectors' or . = 'local_parkingDefine Sectors')]' is not present after '30' second(s)

2018-05-25 13:58:58 - [MESSAGE][WARNING] - Timeout '0' is invalid. Using default page load timeout: '30'

2018-05-25 13:58:59 - [MESSAGE][PASSED] - Web element with id: 'Object Repository/Menu_Global_Access_OR/Page_SmartCloud/div_local_parkingDefine Sector' located by 'By.xpath: //div[(text() = 'local_parkingDefine Sectors' or . = 'local_parkingDefine Sectors')]' is not present after '30' second(s)

2018-05-25 13:58:59 - [TEST_STEP][PASSED] - verifyElementNotPresent: Web element with id: 'Object Repository/Menu_Global_Access_OR/Page_SmartCloud/div_local_parkingDefine Lots' located by 'By.xpath: //div[(text() = 'local_parkingDefine Lots' or . = 'local_parkingDefine Lots')]' is not present after '30' second(s)

2018-05-25 13:58:59 - [MESSAGE][WARNING] - Timeout '0' is invalid. Using default page load timeout: '30'

2018-05-25 13:59:00 - [MESSAGE][PASSED] - Web element with id: 'Object Repository/Menu_Global_Access_OR/Page_SmartCloud/div_local_parkingDefine Lots' located by 'By.xpath: //div[(text() = 'local_parkingDefine Lots' or . = 'local_parkingDefine Lots')]' is not present after '30' second(s)

2018-05-25 13:59:00 - [TEST_STEP][PASSED] - verifyElementNotPresent: Web element with id: 'Object Repository/Menu_Global_Access_OR/Page_SmartCloud/div_local_parkingDefine Bay Ty' located by 'By.xpath: //div[(text() = 'local_parkingDefine Bay Types' or . = 'local_parkingDefine Bay Types')]' is not present after '30' second(s)

2018-05-25 13:59:00 - [MESSAGE][WARNING] - Timeout '0' is invalid. Using default page load timeout: '30'

2018-05-25 13:59:01 - [MESSAGE][PASSED] - Web element with id: 'Object Repository/Menu_Global_Access_OR/Page_SmartCloud/div_local_parkingDefine Bay Ty' located by 'By.xpath: //div[(text() = 'local_parkingDefine Bay Types' or . = 'local_parkingDefine Bay Types')]' is not present after '30' second(s)

2018-05-25 13:59:01 - [TEST_STEP][PASSED] - verifyElementPresent: Object 'Object Repository/Menu_Global_Access_OR/Page_SmartCloud/div_data_usageSmartData' is present

2018-05-25 13:59:01 - [MESSAGE][WARNING] - Timeout '0' is invalid. Using default page load timeout: '30'

2018-05-25 13:59:02 - [MESSAGE][PASSED] - Object 'Object Repository/Menu_Global_Access_OR/Page_SmartCloud/div_data_usageSmartData' is present

2018-05-25 13:59:02 - [TEST_STEP][PASSED] - click: Object: 'Object Repository/Menu_Global_Access_OR/Page_SmartCloud/div_data_usageSmartData' is clicked on

2018-05-25 13:59:04 - [MESSAGE][PASSED] - Object: 'Object Repository/Menu_Global_Access_OR/Page_SmartCloud/div_data_usageSmartData' is clicked on

2018-05-25 13:59:04 - [TEST_STEP][PASSED] - verifyElementNotPresent: Web element with id: 'Object Repository/Menu_Global_Access_OR/Page_SmartCloud/div_device_hubSmartZone' located by 'By.xpath: //div[(text() = 'device_hubSmartZone' or . = 'device_hubSmartZone')]' is not present after '30' second(s)

2018-05-25 13:59:04 - [MESSAGE][WARNING] - Timeout '0' is invalid. Using default page load timeout: '30'

2018-05-25 13:59:05 - [MESSAGE][PASSED] - Web element with id: 'Object Repository/Menu_Global_Access_OR/Page_SmartCloud/div_device_hubSmartZone' located by 'By.xpath: //div[(text() = 'device_hubSmartZone' or . = 'device_hubSmartZone')]' is not present after '30' second(s)

2018-05-25 13:59:05 - [TEST_STEP][PASSED] - verifyElementNotPresent: Web element with id: 'Object Repository/Menu_Global_Access_OR/Page_SmartCloud/div_settingsSettings' located by 'By.xpath: //div[(text() = 'settingsSettings' or . = 'settingsSettings')]' is not present after '30' second(s)

2018-05-25 13:59:05 - [MESSAGE][WARNING] - Timeout '0' is invalid. Using default page load timeout: '30'

2018-05-25 13:59:06 - [MESSAGE][PASSED] - Web element with id: 'Object Repository/Menu_Global_Access_OR/Page_SmartCloud/div_settingsSettings' located by 'By.xpath: //div[(text() = 'settingsSettings' or . = 'settingsSettings')]' is not present after '30' second(s)

2018-05-25 13:59:06 - [TEST_STEP][PASSED] - click: Object: 'Object Repository/Menu_Global_Access_OR/Page_SmartCloud/div' is clicked on

2018-05-25 13:59:08 - [MESSAGE][PASSED] - Object: 'Object Repository/Menu_Global_Access_OR/Page_SmartCloud/div' is clicked on

2018-05-25 13:59:08 - [TEST_STEP][PASSED] - click: Object: 'Object Repository/Menu_Limited_Access_OR/Page_SmartCloud/span_VB' is clicked on

2018-05-25 13:59:11 - [MESSAGE][PASSED] - Object: 'Object Repository/Menu_Limited_Access_OR/Page_SmartCloud/span_VB' is clicked on

2018-05-25 13:59:11 - [TEST_STEP][PASSED] - click: Object: 'Object Repository/Menu_Limited_Access_OR/Page_SmartCloud/a_Logout' is clicked on

2018-05-25 13:59:14 - [MESSAGE][PASSED] - Object: 'Object Repository/Menu_Limited_Access_OR/Page_SmartCloud/a_Logout' is clicked on

2018-05-25 13:59:14 - [TEST_STEP][PASSED] - verifyElementPresent: Object 'Object Repository/SignIn_OR/Page_SmartCloud  Login/button_Sign in with emailEmail' is present

2018-05-25 13:59:14 - [MESSAGE][WARNING] - Timeout '0' is invalid. Using default page load timeout: '30'

2018-05-25 13:59:15 - [MESSAGE][PASSED] - Object 'Object Repository/SignIn_OR/Page_SmartCloud  Login/button_Sign in with emailEmail' is present

2018-05-25 13:59:15 - [TEST_STEP][PASSED] - verifyElementPresent: Object 'Object Repository/SignIn_OR/Page_SmartCloud  Login/button_Sign in with GoogleGoog' is present

2018-05-25 13:59:15 - [MESSAGE][WARNING] - Timeout '0' is invalid. Using default page load timeout: '30'

2018-05-25 13:59:16 - [MESSAGE][PASSED] - Object 'Object Repository/SignIn_OR/Page_SmartCloud  Login/button_Sign in with GoogleGoog' is present

2018-05-25 13:59:16 - [TEST_STEP][PASSED] - closeBrowser: Browser is closed

2018-05-25 13:59:18 - [MESSAGE][PASSED] - Browser is closed]]></system-out>
         <system-err><![CDATA[]]></system-err>
      </testcase>
      <testcase name="Test Cases/Main Test Cases/TC3_Verify User with Global Admin Permissions" classname="Test Cases/Main Test Cases/TC3_Verify User with Global Admin Permissions" status="PASSED">
         <system-out><![CDATA[2018-05-25 13:59:18 - [TEST_CASE][PASSED] - Test Cases/Main Test Cases/TC3_Verify User with Global Admin Permissions: Test Cases/Main Test Cases/TC3_Verify User with Global Admin Permissions

2018-05-25 13:59:18 - [TEST_STEP][PASSED] - openBrowser: Browser is opened with url: ''

2018-05-25 13:59:22 - [MESSAGE][PASSED] - Browser is opened with url: ''

2018-05-25 13:59:22 - [TEST_STEP][PASSED] - deleteAllCookies: Delete all cookies successfully

2018-05-25 13:59:23 - [MESSAGE][PASSED] - Delete all cookies successfully

2018-05-25 13:59:23 - [TEST_STEP][PASSED] - refresh: Refresh successfully

2018-05-25 13:59:24 - [MESSAGE][PASSED] - Refresh successfully

2018-05-25 13:59:24 - [TEST_STEP][PASSED] - navigateToUrl: Navigate to 'https://neptune-staging.smartcloud.smartsys.io' successfully

2018-05-25 13:59:28 - [MESSAGE][PASSED] - Navigate to 'https://neptune-staging.smartcloud.smartsys.io' successfully

2018-05-25 13:59:28 - [TEST_STEP][PASSED] - maximizeWindow: Current window maximized

2018-05-25 13:59:30 - [MESSAGE][PASSED] - Current window maximized

2018-05-25 13:59:30 - [TEST_STEP][PASSED] - verifyElementPresent: Object 'Object Repository/SignIn_OR/Page_SmartCloud  Login/button_Sign in with emailEmail' is present

2018-05-25 13:59:30 - [MESSAGE][WARNING] - Timeout '0' is invalid. Using default page load timeout: '30'

2018-05-25 13:59:31 - [MESSAGE][PASSED] - Object 'Object Repository/SignIn_OR/Page_SmartCloud  Login/button_Sign in with emailEmail' is present

2018-05-25 13:59:31 - [TEST_STEP][PASSED] - verifyElementPresent: Object 'Object Repository/SignIn_OR/Page_SmartCloud  Login/button_Sign in with GoogleGoog' is present

2018-05-25 13:59:31 - [MESSAGE][WARNING] - Timeout '0' is invalid. Using default page load timeout: '30'

2018-05-25 13:59:32 - [MESSAGE][PASSED] - Object 'Object Repository/SignIn_OR/Page_SmartCloud  Login/button_Sign in with GoogleGoog' is present

2018-05-25 13:59:32 - [TEST_STEP][PASSED] - click: Object: 'Object Repository/SignIn_OR/Page_SmartCloud  Login/span_Sign in with email' is clicked on

2018-05-25 13:59:34 - [MESSAGE][PASSED] - Object: 'Object Repository/SignIn_OR/Page_SmartCloud  Login/span_Sign in with email' is clicked on

2018-05-25 13:59:34 - [TEST_STEP][PASSED] - verifyElementPresent: Object 'Object Repository/SignIn_OR/Page_SmartCloud  Login/div_Email' is present

2018-05-25 13:59:34 - [MESSAGE][WARNING] - Timeout '0' is invalid. Using default page load timeout: '30'

2018-05-25 13:59:35 - [MESSAGE][PASSED] - Object 'Object Repository/SignIn_OR/Page_SmartCloud  Login/div_Email' is present

2018-05-25 13:59:35 - [TEST_STEP][PASSED] - verifyElementPresent: Object 'Object Repository/SignIn_OR/Page_SmartCloud  Login/h1_Sign in with email' is present

2018-05-25 13:59:35 - [MESSAGE][WARNING] - Timeout '0' is invalid. Using default page load timeout: '30'

2018-05-25 13:59:36 - [MESSAGE][PASSED] - Object 'Object Repository/SignIn_OR/Page_SmartCloud  Login/h1_Sign in with email' is present

2018-05-25 13:59:36 - [TEST_STEP][PASSED] - setText: Text 'vikas.bhalla@smartparking.com' is set on object 'Object Repository/SignIn_OR/Page_SmartCloud  Login/input_email'

2018-05-25 13:59:40 - [MESSAGE][PASSED] - Text 'vikas.bhalla@smartparking.com' is set on object 'Object Repository/SignIn_OR/Page_SmartCloud  Login/input_email'

2018-05-25 13:59:40 - [TEST_STEP][PASSED] - verifyElementPresent: Object 'Object Repository/SignIn_OR/Page_SmartCloud  Login/button_Next' is present

2018-05-25 13:59:40 - [MESSAGE][WARNING] - Timeout '0' is invalid. Using default page load timeout: '30'

2018-05-25 13:59:41 - [MESSAGE][PASSED] - Object 'Object Repository/SignIn_OR/Page_SmartCloud  Login/button_Next' is present

2018-05-25 13:59:41 - [TEST_STEP][PASSED] - verifyElementPresent: Object 'Object Repository/SignIn_OR/Page_SmartCloud  Login/button_Cancel' is present

2018-05-25 13:59:41 - [MESSAGE][WARNING] - Timeout '0' is invalid. Using default page load timeout: '30'

2018-05-25 13:59:42 - [MESSAGE][PASSED] - Object 'Object Repository/SignIn_OR/Page_SmartCloud  Login/button_Cancel' is present

2018-05-25 13:59:42 - [TEST_STEP][PASSED] - click: Object: 'Object Repository/SignIn_OR/Page_SmartCloud  Login/button_Next' is clicked on

2018-05-25 13:59:44 - [MESSAGE][PASSED] - Object: 'Object Repository/SignIn_OR/Page_SmartCloud  Login/button_Next' is clicked on

2018-05-25 13:59:44 - [TEST_STEP][PASSED] - setText: Text 'Prod1234' is set on object 'Object Repository/SignIn_OR/Page_SmartCloud  Login/input_password'

2018-05-25 13:59:50 - [MESSAGE][PASSED] - Text 'Prod1234' is set on object 'Object Repository/SignIn_OR/Page_SmartCloud  Login/input_password'

2018-05-25 13:59:50 - [TEST_STEP][PASSED] - verifyElementPresent: Object 'Object Repository/SignIn_OR/Page_SmartCloud  Login/button_Sign In' is present

2018-05-25 13:59:50 - [MESSAGE][WARNING] - Timeout '0' is invalid. Using default page load timeout: '30'

2018-05-25 13:59:51 - [MESSAGE][PASSED] - Object 'Object Repository/SignIn_OR/Page_SmartCloud  Login/button_Sign In' is present

2018-05-25 13:59:51 - [TEST_STEP][PASSED] - click: Object: 'Object Repository/SignIn_OR/Page_SmartCloud  Login/button_Sign In' is clicked on

2018-05-25 13:59:53 - [MESSAGE][PASSED] - Object: 'Object Repository/SignIn_OR/Page_SmartCloud  Login/button_Sign In' is clicked on

2018-05-25 13:59:53 - [TEST_STEP][PASSED] - verifyElementPresent: Object 'Object Repository/SignIn_OR/Page_SmartCloud/h3_SmartPark Dashboard' is present

2018-05-25 13:59:53 - [MESSAGE][WARNING] - Timeout '0' is invalid. Using default page load timeout: '30'

2018-05-25 14:00:00 - [MESSAGE][PASSED] - Object 'Object Repository/SignIn_OR/Page_SmartCloud/h3_SmartPark Dashboard' is present

2018-05-25 14:00:00 - [TEST_STEP][PASSED] - verifyElementPresent: Object 'Object Repository/SignIn_OR/Page_SmartCloud/div_SmartCloud' is present

2018-05-25 14:00:00 - [MESSAGE][WARNING] - Timeout '0' is invalid. Using default page load timeout: '30'

2018-05-25 14:00:01 - [MESSAGE][PASSED] - Object 'Object Repository/SignIn_OR/Page_SmartCloud/div_SmartCloud' is present

2018-05-25 14:00:01 - [TEST_STEP][PASSED] - click: Object: 'Object Repository/Menu_Global_Access_OR/Page_SmartCloud/img' is clicked on

2018-05-25 14:00:03 - [MESSAGE][PASSED] - Object: 'Object Repository/Menu_Global_Access_OR/Page_SmartCloud/img' is clicked on

2018-05-25 14:00:03 - [TEST_STEP][PASSED] - verifyElementPresent: Object 'Object Repository/Menu_Global_Access_OR/Page_SmartCloud/div_view_quiltMy Dashboardstim' is present

2018-05-25 14:00:03 - [MESSAGE][WARNING] - Timeout '0' is invalid. Using default page load timeout: '30'

2018-05-25 14:00:04 - [MESSAGE][PASSED] - Object 'Object Repository/Menu_Global_Access_OR/Page_SmartCloud/div_view_quiltMy Dashboardstim' is present

2018-05-25 14:00:04 - [TEST_STEP][PASSED] - verifyElementPresent: Object 'Object Repository/Menu_Global_Access_OR/Page_SmartCloud/div_view_quiltMy Dashboards' is present

2018-05-25 14:00:04 - [MESSAGE][WARNING] - Timeout '0' is invalid. Using default page load timeout: '30'

2018-05-25 14:00:05 - [MESSAGE][PASSED] - Object 'Object Repository/Menu_Global_Access_OR/Page_SmartCloud/div_view_quiltMy Dashboards' is present

2018-05-25 14:00:05 - [TEST_STEP][PASSED] - click: Object: 'Object Repository/Menu_Global_Access_OR/Page_SmartCloud/div_view_quiltMy Dashboards' is clicked on

2018-05-25 14:00:07 - [MESSAGE][PASSED] - Object: 'Object Repository/Menu_Global_Access_OR/Page_SmartCloud/div_view_quiltMy Dashboards' is clicked on

2018-05-25 14:00:07 - [TEST_STEP][PASSED] - verifyElementPresent: Object 'Object Repository/Menu_Global_Access_OR/Page_SmartCloud/div_add_to_queueNew Dashboard' is present

2018-05-25 14:00:07 - [MESSAGE][WARNING] - Timeout '0' is invalid. Using default page load timeout: '30'

2018-05-25 14:00:09 - [MESSAGE][PASSED] - Object 'Object Repository/Menu_Global_Access_OR/Page_SmartCloud/div_add_to_queueNew Dashboard' is present

2018-05-25 14:00:09 - [TEST_STEP][PASSED] - verifyElementPresent: Object 'Object Repository/Menu_Global_Access_OR/Page_SmartCloud/div_time_to_leaveSmartPark' is present

2018-05-25 14:00:09 - [MESSAGE][WARNING] - Timeout '0' is invalid. Using default page load timeout: '30'

2018-05-25 14:00:10 - [MESSAGE][PASSED] - Object 'Object Repository/Menu_Global_Access_OR/Page_SmartCloud/div_time_to_leaveSmartPark' is present

2018-05-25 14:00:10 - [TEST_STEP][PASSED] - click: Object: 'Object Repository/Menu_Global_Access_OR/Page_SmartCloud/div_time_to_leaveSmartPark' is clicked on

2018-05-25 14:00:12 - [MESSAGE][PASSED] - Object: 'Object Repository/Menu_Global_Access_OR/Page_SmartCloud/div_time_to_leaveSmartPark' is clicked on

2018-05-25 14:00:12 - [TEST_STEP][PASSED] - verifyElementPresent: Object 'Object Repository/Menu_Global_Access_OR/Page_SmartCloud/div_time_to_leaveSmart Park Da' is present

2018-05-25 14:00:12 - [MESSAGE][WARNING] - Timeout '0' is invalid. Using default page load timeout: '30'

2018-05-25 14:00:13 - [MESSAGE][PASSED] - Object 'Object Repository/Menu_Global_Access_OR/Page_SmartCloud/div_time_to_leaveSmart Park Da' is present

2018-05-25 14:00:13 - [TEST_STEP][PASSED] - verifyElementPresent: Object 'Object Repository/Menu_Global_Access_OR/Page_SmartCloud/div_local_parkingDefine Sector' is present

2018-05-25 14:00:13 - [MESSAGE][WARNING] - Timeout '0' is invalid. Using default page load timeout: '30'

2018-05-25 14:00:14 - [MESSAGE][PASSED] - Object 'Object Repository/Menu_Global_Access_OR/Page_SmartCloud/div_local_parkingDefine Sector' is present

2018-05-25 14:00:14 - [TEST_STEP][PASSED] - verifyElementPresent: Object 'Object Repository/Menu_Global_Access_OR/Page_SmartCloud/div_local_parkingDefine Lots' is present

2018-05-25 14:00:14 - [MESSAGE][WARNING] - Timeout '0' is invalid. Using default page load timeout: '30'

2018-05-25 14:00:15 - [MESSAGE][PASSED] - Object 'Object Repository/Menu_Global_Access_OR/Page_SmartCloud/div_local_parkingDefine Lots' is present

2018-05-25 14:00:15 - [TEST_STEP][PASSED] - verifyElementPresent: Object 'Object Repository/Menu_Global_Access_OR/Page_SmartCloud/div_local_parkingDefine Bay Ty' is present

2018-05-25 14:00:15 - [MESSAGE][WARNING] - Timeout '0' is invalid. Using default page load timeout: '30'

2018-05-25 14:00:16 - [MESSAGE][PASSED] - Object 'Object Repository/Menu_Global_Access_OR/Page_SmartCloud/div_local_parkingDefine Bay Ty' is present

2018-05-25 14:00:16 - [TEST_STEP][PASSED] - verifyElementPresent: Object 'Object Repository/Menu_Global_Access_OR/Page_SmartCloud/div_data_usageSmartData' is present

2018-05-25 14:00:16 - [MESSAGE][WARNING] - Timeout '0' is invalid. Using default page load timeout: '30'

2018-05-25 14:00:17 - [MESSAGE][PASSED] - Object 'Object Repository/Menu_Global_Access_OR/Page_SmartCloud/div_data_usageSmartData' is present

2018-05-25 14:00:17 - [TEST_STEP][PASSED] - click: Object: 'Object Repository/Menu_Global_Access_OR/Page_SmartCloud/div_data_usageSmartData' is clicked on

2018-05-25 14:00:19 - [MESSAGE][PASSED] - Object: 'Object Repository/Menu_Global_Access_OR/Page_SmartCloud/div_data_usageSmartData' is clicked on

2018-05-25 14:00:19 - [TEST_STEP][PASSED] - verifyElementPresent: Object 'Object Repository/Menu_Global_Access_OR/Page_SmartCloud/div_library_booksDefine Report' is present

2018-05-25 14:00:19 - [MESSAGE][WARNING] - Timeout '0' is invalid. Using default page load timeout: '30'

2018-05-25 14:00:20 - [MESSAGE][PASSED] - Object 'Object Repository/Menu_Global_Access_OR/Page_SmartCloud/div_library_booksDefine Report' is present

2018-05-25 14:00:20 - [TEST_STEP][PASSED] - click: Object: 'Object Repository/Menu_Global_Access_OR/Page_SmartCloud/div_device_hubSmartZone' is clicked on

2018-05-25 14:00:22 - [MESSAGE][PASSED] - Object: 'Object Repository/Menu_Global_Access_OR/Page_SmartCloud/div_device_hubSmartZone' is clicked on

2018-05-25 14:00:22 - [TEST_STEP][PASSED] - verifyElementPresent: Object 'Object Repository/Menu_Global_Access_OR/Page_SmartCloud/div_device_hubSmartZone' is present

2018-05-25 14:00:22 - [MESSAGE][WARNING] - Timeout '0' is invalid. Using default page load timeout: '30'

2018-05-25 14:00:23 - [MESSAGE][PASSED] - Object 'Object Repository/Menu_Global_Access_OR/Page_SmartCloud/div_device_hubSmartZone' is present

2018-05-25 14:00:23 - [TEST_STEP][PASSED] - verifyElementPresent: Object 'Object Repository/Menu_Global_Access_OR/Page_SmartCloud/div_device_hubSmartZone Dashbo' is present

2018-05-25 14:00:23 - [MESSAGE][WARNING] - Timeout '0' is invalid. Using default page load timeout: '30'

2018-05-25 14:00:24 - [MESSAGE][PASSED] - Object 'Object Repository/Menu_Global_Access_OR/Page_SmartCloud/div_device_hubSmartZone Dashbo' is present

2018-05-25 14:00:24 - [TEST_STEP][PASSED] - verifyElementPresent: Object 'Object Repository/Menu_Global_Access_OR/Page_SmartCloud/div_pin_dropMap Devices' is present

2018-05-25 14:00:24 - [MESSAGE][WARNING] - Timeout '0' is invalid. Using default page load timeout: '30'

2018-05-25 14:00:25 - [MESSAGE][PASSED] - Object 'Object Repository/Menu_Global_Access_OR/Page_SmartCloud/div_pin_dropMap Devices' is present

2018-05-25 14:00:25 - [TEST_STEP][PASSED] - verifyElementPresent: Object 'Object Repository/Menu_Global_Access_OR/Page_SmartCloud/div_storageGroup Devices' is present

2018-05-25 14:00:25 - [MESSAGE][WARNING] - Timeout '0' is invalid. Using default page load timeout: '30'

2018-05-25 14:00:26 - [MESSAGE][PASSED] - Object 'Object Repository/Menu_Global_Access_OR/Page_SmartCloud/div_storageGroup Devices' is present

2018-05-25 14:00:26 - [TEST_STEP][PASSED] - verifyElementPresent: Object 'Object Repository/Menu_Global_Access_OR/Page_SmartCloud/div_storageRF Survey' is present

2018-05-25 14:00:26 - [MESSAGE][WARNING] - Timeout '0' is invalid. Using default page load timeout: '30'

2018-05-25 14:00:27 - [MESSAGE][PASSED] - Object 'Object Repository/Menu_Global_Access_OR/Page_SmartCloud/div_storageRF Survey' is present

2018-05-25 14:00:27 - [TEST_STEP][PASSED] - verifyElementPresent: Object 'Object Repository/Menu_Global_Access_OR/Page_SmartCloud/div_view_moduleSmartZone - Sen' is present

2018-05-25 14:00:27 - [MESSAGE][WARNING] - Timeout '0' is invalid. Using default page load timeout: '30'

2018-05-25 14:00:28 - [MESSAGE][PASSED] - Object 'Object Repository/Menu_Global_Access_OR/Page_SmartCloud/div_view_moduleSmartZone - Sen' is present

2018-05-25 14:00:28 - [TEST_STEP][PASSED] - click: Object: 'Object Repository/Menu_Global_Access_OR/Page_SmartCloud/div_Settings' is clicked on

2018-05-25 14:00:31 - [MESSAGE][PASSED] - Object: 'Object Repository/Menu_Global_Access_OR/Page_SmartCloud/div_Settings' is clicked on

2018-05-25 14:00:31 - [TEST_STEP][PASSED] - verifyElementPresent: Object 'Object Repository/Menu_Global_Access_OR/Page_SmartCloud/div_settingsSettings' is present

2018-05-25 14:00:31 - [MESSAGE][WARNING] - Timeout '0' is invalid. Using default page load timeout: '30'

2018-05-25 14:00:32 - [MESSAGE][PASSED] - Object 'Object Repository/Menu_Global_Access_OR/Page_SmartCloud/div_settingsSettings' is present

2018-05-25 14:00:32 - [TEST_STEP][PASSED] - verifyElementPresent: Object 'Object Repository/Menu_Global_Access_OR/Page_SmartCloud/div_queueDefine Site' is present

2018-05-25 14:00:32 - [MESSAGE][WARNING] - Timeout '0' is invalid. Using default page load timeout: '30'

2018-05-25 14:00:33 - [MESSAGE][PASSED] - Object 'Object Repository/Menu_Global_Access_OR/Page_SmartCloud/div_queueDefine Site' is present

2018-05-25 14:00:33 - [TEST_STEP][PASSED] - verifyElementPresent: Object 'Object Repository/Menu_Global_Access_OR/Page_SmartCloud/div_editEdit Site' is present

2018-05-25 14:00:33 - [MESSAGE][WARNING] - Timeout '0' is invalid. Using default page load timeout: '30'

2018-05-25 14:00:34 - [MESSAGE][PASSED] - Object 'Object Repository/Menu_Global_Access_OR/Page_SmartCloud/div_editEdit Site' is present

2018-05-25 14:00:34 - [TEST_STEP][PASSED] - verifyElementPresent: Object 'Object Repository/Menu_Global_Access_OR/Page_SmartCloud/div_view_arrayGroups Editor' is present

2018-05-25 14:00:34 - [MESSAGE][WARNING] - Timeout '0' is invalid. Using default page load timeout: '30'

2018-05-25 14:00:35 - [MESSAGE][PASSED] - Object 'Object Repository/Menu_Global_Access_OR/Page_SmartCloud/div_view_arrayGroups Editor' is present

2018-05-25 14:00:35 - [TEST_STEP][PASSED] - verifyElementPresent: Object 'Object Repository/Menu_Global_Access_OR/Page_SmartCloud/div_question_answereAdd Url Ti' is present

2018-05-25 14:00:35 - [MESSAGE][WARNING] - Timeout '0' is invalid. Using default page load timeout: '30'

2018-05-25 14:00:36 - [MESSAGE][PASSED] - Object 'Object Repository/Menu_Global_Access_OR/Page_SmartCloud/div_question_answereAdd Url Ti' is present

2018-05-25 14:00:36 - [TEST_STEP][PASSED] - verifyElementPresent: Object 'Object Repository/Menu_Global_Access_OR/Page_SmartCloud/div_personUsers' is present

2018-05-25 14:00:36 - [MESSAGE][WARNING] - Timeout '0' is invalid. Using default page load timeout: '30'

2018-05-25 14:00:37 - [MESSAGE][PASSED] - Object 'Object Repository/Menu_Global_Access_OR/Page_SmartCloud/div_personUsers' is present

2018-05-25 14:00:37 - [TEST_STEP][PASSED] - verifyElementPresent: Object 'Object Repository/Menu_Global_Access_OR/Page_SmartCloud/div_view_quiltAdd External Too' is present

2018-05-25 14:00:37 - [MESSAGE][WARNING] - Timeout '0' is invalid. Using default page load timeout: '30'

2018-05-25 14:00:38 - [MESSAGE][PASSED] - Object 'Object Repository/Menu_Global_Access_OR/Page_SmartCloud/div_view_quiltAdd External Too' is present

2018-05-25 14:00:38 - [TEST_STEP][PASSED] - click: Object: 'Object Repository/Menu_Global_Access_OR/Page_SmartCloud/div' is clicked on

2018-05-25 14:00:40 - [MESSAGE][PASSED] - Object: 'Object Repository/Menu_Global_Access_OR/Page_SmartCloud/div' is clicked on

2018-05-25 14:00:40 - [TEST_STEP][PASSED] - click: Object: 'Object Repository/SignIn_OR/Page_SmartCloud/img' is clicked on

2018-05-25 14:00:42 - [MESSAGE][PASSED] - Object: 'Object Repository/SignIn_OR/Page_SmartCloud/img' is clicked on

2018-05-25 14:00:42 - [TEST_STEP][PASSED] - click: Object: 'Object Repository/SignIn_OR/Page_SmartCloud/a_Logout' is clicked on

2018-05-25 14:00:45 - [MESSAGE][PASSED] - Object: 'Object Repository/SignIn_OR/Page_SmartCloud/a_Logout' is clicked on

2018-05-25 14:00:45 - [TEST_STEP][PASSED] - verifyElementPresent: Object 'Object Repository/SignIn_OR/Page_SmartCloud  Login/button_Sign in with emailEmail' is present

2018-05-25 14:00:45 - [MESSAGE][WARNING] - Timeout '0' is invalid. Using default page load timeout: '30'

2018-05-25 14:00:46 - [MESSAGE][PASSED] - Object 'Object Repository/SignIn_OR/Page_SmartCloud  Login/button_Sign in with emailEmail' is present

2018-05-25 14:00:46 - [TEST_STEP][PASSED] - verifyElementPresent: Object 'Object Repository/SignIn_OR/Page_SmartCloud  Login/button_Sign in with GoogleGoog' is present

2018-05-25 14:00:46 - [MESSAGE][WARNING] - Timeout '0' is invalid. Using default page load timeout: '30'

2018-05-25 14:00:47 - [MESSAGE][PASSED] - Object 'Object Repository/SignIn_OR/Page_SmartCloud  Login/button_Sign in with GoogleGoog' is present

2018-05-25 14:00:47 - [TEST_STEP][PASSED] - closeBrowser: Browser is closed

2018-05-25 14:00:49 - [MESSAGE][PASSED] - Browser is closed]]></system-out>
         <system-err><![CDATA[]]></system-err>
      </testcase>
      <system-out><![CDATA[2018-05-25 13:57:10 - [TEST_SUITE][PASSED] - Test Suite 1: Test Cases/Main Test Cases/TC3_Verify User with Global Admin Permissions]]></system-out>
      <system-err><![CDATA[]]></system-err>
   </testsuite>
</testsuites>
