<?xml version="1.0" encoding="UTF-8"?>
<testsuites name="Test Suite 1" time="219" tests="3" failures="0" errors="0">
   <testsuite name="Test Suite 1" tests="3" failures="0" errors="0" time="219" timestamp="2018-05-25 13:32:11" hostname="Vikas Bhalla - VikasBhalla-PC" id="Test Suites/Test Suite 1">
      <properties>
         <property name="deviceName" value=""/>
         <property name="devicePlatform" value=""/>
         <property name="logFolder" value="F:\\Katalon Automation Projects\\System3Dashboard\\system3Dashboard\\Reports\\Test Suite 1\\20180525_133209"/>
         <property name="logFiles" value="F:\\Katalon Automation Projects\\System3Dashboard\\system3Dashboard\\Reports\\Test Suite 1\\20180525_133209\\execution0.log"/>
         <property name="attachments" value=""/>
         <property name="hostName" value="Vikas Bhalla - VikasBhalla-PC"/>
         <property name="os" value="Windows 7 64bit"/>
         <property name="katalonVersion" value="5.4.1.1"/>
         <property name="browser" value="Chrome 66.0.3359.181"/>
         <property name="hostAddress" value="10.37.201.227"/>
         <property name="sessionId" value="fea36304b26049f5d167e073b7c5e9ad"/>
         <property name="seleniumVersion" value="3.7.1"/>
         <property name="proxyInformation" value="ProxyInformation{proxyOption=NO_PROXY, proxyServerType=HTTP, password=, proxyServerAddress=, proxyServerPort=0}"/>
         <property name="platform" value="Windows 7"/>
      </properties>
      <testcase name="Test Cases/Main Test Cases/TC1_Verify Sign in with Valid Email Account" classname="Test Cases/Main Test Cases/TC1_Verify Sign in with Valid Email Account" status="PASSED">
         <system-out><![CDATA[2018-05-25 13:32:12 - [TEST_CASE][PASSED] - Test Cases/Main Test Cases/TC1_Verify Sign in with Valid Email Account: Test Cases/Main Test Cases/TC1_Verify Sign in with Valid Email Account

2018-05-25 13:32:12 - [TEST_STEP][PASSED] - openBrowser: Browser is opened with url: ''

2018-05-25 13:32:17 - [MESSAGE][PASSED] - Browser is opened with url: ''

2018-05-25 13:32:17 - [TEST_STEP][PASSED] - deleteAllCookies: Delete all cookies successfully

2018-05-25 13:32:18 - [MESSAGE][PASSED] - Delete all cookies successfully

2018-05-25 13:32:18 - [TEST_STEP][PASSED] - refresh: Refresh successfully

2018-05-25 13:32:19 - [MESSAGE][PASSED] - Refresh successfully

2018-05-25 13:32:19 - [TEST_STEP][PASSED] - navigateToUrl: Navigate to 'https://neptune-staging.smartcloud.smartsys.io' successfully

2018-05-25 13:32:22 - [MESSAGE][PASSED] - Navigate to 'https://neptune-staging.smartcloud.smartsys.io' successfully

2018-05-25 13:32:22 - [TEST_STEP][PASSED] - maximizeWindow: Current window maximized

2018-05-25 13:32:25 - [MESSAGE][PASSED] - Current window maximized

2018-05-25 13:32:25 - [TEST_STEP][PASSED] - verifyElementPresent: Object 'Object Repository/SignIn_OR/Page_SmartCloud  Login/button_Sign in with emailEmail' is present

2018-05-25 13:32:25 - [MESSAGE][WARNING] - Timeout '0' is invalid. Using default page load timeout: '30'

2018-05-25 13:32:26 - [MESSAGE][PASSED] - Object 'Object Repository/SignIn_OR/Page_SmartCloud  Login/button_Sign in with emailEmail' is present

2018-05-25 13:32:26 - [TEST_STEP][PASSED] - verifyElementPresent: Object 'Object Repository/SignIn_OR/Page_SmartCloud  Login/button_Sign in with GoogleGoog' is present

2018-05-25 13:32:26 - [MESSAGE][WARNING] - Timeout '0' is invalid. Using default page load timeout: '30'

2018-05-25 13:32:27 - [MESSAGE][PASSED] - Object 'Object Repository/SignIn_OR/Page_SmartCloud  Login/button_Sign in with GoogleGoog' is present

2018-05-25 13:32:27 - [TEST_STEP][PASSED] - click: Object: 'Object Repository/SignIn_OR/Page_SmartCloud  Login/span_Sign in with email' is clicked on

2018-05-25 13:32:29 - [MESSAGE][PASSED] - Object: 'Object Repository/SignIn_OR/Page_SmartCloud  Login/span_Sign in with email' is clicked on

2018-05-25 13:32:29 - [TEST_STEP][PASSED] - verifyElementPresent: Object 'Object Repository/SignIn_OR/Page_SmartCloud  Login/div_Email' is present

2018-05-25 13:32:29 - [MESSAGE][WARNING] - Timeout '0' is invalid. Using default page load timeout: '30'

2018-05-25 13:32:30 - [MESSAGE][PASSED] - Object 'Object Repository/SignIn_OR/Page_SmartCloud  Login/div_Email' is present

2018-05-25 13:32:30 - [TEST_STEP][PASSED] - verifyElementPresent: Object 'Object Repository/SignIn_OR/Page_SmartCloud  Login/h1_Sign in with email' is present

2018-05-25 13:32:30 - [MESSAGE][WARNING] - Timeout '0' is invalid. Using default page load timeout: '30'

2018-05-25 13:32:31 - [MESSAGE][PASSED] - Object 'Object Repository/SignIn_OR/Page_SmartCloud  Login/h1_Sign in with email' is present

2018-05-25 13:32:31 - [TEST_STEP][PASSED] - setText: Text 'vikas.bhalla@smartparking.com' is set on object 'Object Repository/SignIn_OR/Page_SmartCloud  Login/input_email'

2018-05-25 13:32:35 - [MESSAGE][PASSED] - Text 'vikas.bhalla@smartparking.com' is set on object 'Object Repository/SignIn_OR/Page_SmartCloud  Login/input_email'

2018-05-25 13:32:35 - [TEST_STEP][PASSED] - verifyElementPresent: Object 'Object Repository/SignIn_OR/Page_SmartCloud  Login/button_Next' is present

2018-05-25 13:32:35 - [MESSAGE][WARNING] - Timeout '0' is invalid. Using default page load timeout: '30'

2018-05-25 13:32:36 - [MESSAGE][PASSED] - Object 'Object Repository/SignIn_OR/Page_SmartCloud  Login/button_Next' is present

2018-05-25 13:32:36 - [TEST_STEP][PASSED] - verifyElementPresent: Object 'Object Repository/SignIn_OR/Page_SmartCloud  Login/button_Cancel' is present

2018-05-25 13:32:36 - [MESSAGE][WARNING] - Timeout '0' is invalid. Using default page load timeout: '30'

2018-05-25 13:32:37 - [MESSAGE][PASSED] - Object 'Object Repository/SignIn_OR/Page_SmartCloud  Login/button_Cancel' is present

2018-05-25 13:32:37 - [TEST_STEP][PASSED] - click: Object: 'Object Repository/SignIn_OR/Page_SmartCloud  Login/button_Next' is clicked on

2018-05-25 13:32:39 - [MESSAGE][PASSED] - Object: 'Object Repository/SignIn_OR/Page_SmartCloud  Login/button_Next' is clicked on

2018-05-25 13:32:39 - [TEST_STEP][PASSED] - setText: Text 'Prod1234' is set on object 'Object Repository/SignIn_OR/Page_SmartCloud  Login/input_password'

2018-05-25 13:32:45 - [MESSAGE][PASSED] - Text 'Prod1234' is set on object 'Object Repository/SignIn_OR/Page_SmartCloud  Login/input_password'

2018-05-25 13:32:45 - [TEST_STEP][PASSED] - verifyElementPresent: Object 'Object Repository/SignIn_OR/Page_SmartCloud  Login/button_Sign In' is present

2018-05-25 13:32:45 - [MESSAGE][WARNING] - Timeout '0' is invalid. Using default page load timeout: '30'

2018-05-25 13:32:46 - [MESSAGE][PASSED] - Object 'Object Repository/SignIn_OR/Page_SmartCloud  Login/button_Sign In' is present

2018-05-25 13:32:46 - [TEST_STEP][PASSED] - click: Object: 'Object Repository/SignIn_OR/Page_SmartCloud  Login/button_Sign In' is clicked on

2018-05-25 13:32:48 - [MESSAGE][PASSED] - Object: 'Object Repository/SignIn_OR/Page_SmartCloud  Login/button_Sign In' is clicked on

2018-05-25 13:32:48 - [TEST_STEP][PASSED] - verifyElementPresent: Object 'Object Repository/SignIn_OR/Page_SmartCloud/h3_SmartPark Dashboard' is present

2018-05-25 13:32:48 - [MESSAGE][WARNING] - Timeout '0' is invalid. Using default page load timeout: '30'

2018-05-25 13:32:55 - [MESSAGE][PASSED] - Object 'Object Repository/SignIn_OR/Page_SmartCloud/h3_SmartPark Dashboard' is present

2018-05-25 13:32:55 - [TEST_STEP][PASSED] - verifyElementPresent: Object 'Object Repository/SignIn_OR/Page_SmartCloud/div_SmartCloud' is present

2018-05-25 13:32:55 - [MESSAGE][WARNING] - Timeout '0' is invalid. Using default page load timeout: '30'

2018-05-25 13:32:56 - [MESSAGE][PASSED] - Object 'Object Repository/SignIn_OR/Page_SmartCloud/div_SmartCloud' is present

2018-05-25 13:32:56 - [TEST_STEP][PASSED] - click: Object: 'Object Repository/SignIn_OR/Page_SmartCloud/img' is clicked on

2018-05-25 13:32:58 - [MESSAGE][PASSED] - Object: 'Object Repository/SignIn_OR/Page_SmartCloud/img' is clicked on

2018-05-25 13:32:58 - [TEST_STEP][PASSED] - click: Object: 'Object Repository/SignIn_OR/Page_SmartCloud/a_Logout' is clicked on

2018-05-25 13:33:02 - [MESSAGE][PASSED] - Object: 'Object Repository/SignIn_OR/Page_SmartCloud/a_Logout' is clicked on

2018-05-25 13:33:02 - [TEST_STEP][PASSED] - verifyElementPresent: Object 'Object Repository/SignIn_OR/Page_SmartCloud  Login/button_Sign in with emailEmail' is present

2018-05-25 13:33:02 - [MESSAGE][WARNING] - Timeout '0' is invalid. Using default page load timeout: '30'

2018-05-25 13:33:03 - [MESSAGE][PASSED] - Object 'Object Repository/SignIn_OR/Page_SmartCloud  Login/button_Sign in with emailEmail' is present

2018-05-25 13:33:03 - [TEST_STEP][PASSED] - verifyElementPresent: Object 'Object Repository/SignIn_OR/Page_SmartCloud  Login/button_Sign in with GoogleGoog' is present

2018-05-25 13:33:03 - [MESSAGE][WARNING] - Timeout '0' is invalid. Using default page load timeout: '30'

2018-05-25 13:33:04 - [MESSAGE][PASSED] - Object 'Object Repository/SignIn_OR/Page_SmartCloud  Login/button_Sign in with GoogleGoog' is present

2018-05-25 13:33:04 - [TEST_STEP][PASSED] - closeBrowser: Browser is closed

2018-05-25 13:33:06 - [MESSAGE][PASSED] - Browser is closed]]></system-out>
         <system-err><![CDATA[]]></system-err>
      </testcase>
      <testcase name="Test Cases/Main Test Cases/TC4_Verify User with Limited Access Permissions" classname="Test Cases/Main Test Cases/TC4_Verify User with Limited Access Permissions" status="PASSED">
         <system-out><![CDATA[2018-05-25 13:33:06 - [TEST_CASE][PASSED] - Test Cases/Main Test Cases/TC4_Verify User with Limited Access Permissions: Test Cases/Main Test Cases/TC4_Verify User with Limited Access Permissions

2018-05-25 13:33:06 - [TEST_STEP][PASSED] - openBrowser: Browser is opened with url: ''

2018-05-25 13:33:10 - [MESSAGE][PASSED] - Browser is opened with url: ''

2018-05-25 13:33:10 - [TEST_STEP][PASSED] - deleteAllCookies: Delete all cookies successfully

2018-05-25 13:33:11 - [MESSAGE][PASSED] - Delete all cookies successfully

2018-05-25 13:33:11 - [TEST_STEP][PASSED] - refresh: Refresh successfully

2018-05-25 13:33:12 - [MESSAGE][PASSED] - Refresh successfully

2018-05-25 13:33:12 - [TEST_STEP][PASSED] - navigateToUrl: Navigate to 'https://neptune-staging.smartcloud.smartsys.io' successfully

2018-05-25 13:33:15 - [MESSAGE][PASSED] - Navigate to 'https://neptune-staging.smartcloud.smartsys.io' successfully

2018-05-25 13:33:15 - [TEST_STEP][PASSED] - maximizeWindow: Current window maximized

2018-05-25 13:33:17 - [MESSAGE][PASSED] - Current window maximized

2018-05-25 13:33:17 - [TEST_STEP][PASSED] - verifyElementPresent: Object 'Object Repository/SignIn_OR/Page_SmartCloud  Login/button_Sign in with emailEmail' is present

2018-05-25 13:33:17 - [MESSAGE][WARNING] - Timeout '0' is invalid. Using default page load timeout: '30'

2018-05-25 13:33:18 - [MESSAGE][PASSED] - Object 'Object Repository/SignIn_OR/Page_SmartCloud  Login/button_Sign in with emailEmail' is present

2018-05-25 13:33:18 - [TEST_STEP][PASSED] - verifyElementPresent: Object 'Object Repository/SignIn_OR/Page_SmartCloud  Login/button_Sign in with GoogleGoog' is present

2018-05-25 13:33:18 - [MESSAGE][WARNING] - Timeout '0' is invalid. Using default page load timeout: '30'

2018-05-25 13:33:19 - [MESSAGE][PASSED] - Object 'Object Repository/SignIn_OR/Page_SmartCloud  Login/button_Sign in with GoogleGoog' is present

2018-05-25 13:33:19 - [TEST_STEP][PASSED] - click: Object: 'Object Repository/SignIn_OR/Page_SmartCloud  Login/span_Sign in with email' is clicked on

2018-05-25 13:33:21 - [MESSAGE][PASSED] - Object: 'Object Repository/SignIn_OR/Page_SmartCloud  Login/span_Sign in with email' is clicked on

2018-05-25 13:33:21 - [TEST_STEP][PASSED] - verifyElementPresent: Object 'Object Repository/SignIn_OR/Page_SmartCloud  Login/div_Email' is present

2018-05-25 13:33:21 - [MESSAGE][WARNING] - Timeout '0' is invalid. Using default page load timeout: '30'

2018-05-25 13:33:22 - [MESSAGE][PASSED] - Object 'Object Repository/SignIn_OR/Page_SmartCloud  Login/div_Email' is present

2018-05-25 13:33:22 - [TEST_STEP][PASSED] - verifyElementPresent: Object 'Object Repository/SignIn_OR/Page_SmartCloud  Login/h1_Sign in with email' is present

2018-05-25 13:33:22 - [MESSAGE][WARNING] - Timeout '0' is invalid. Using default page load timeout: '30'

2018-05-25 13:33:23 - [MESSAGE][PASSED] - Object 'Object Repository/SignIn_OR/Page_SmartCloud  Login/h1_Sign in with email' is present

2018-05-25 13:33:23 - [TEST_STEP][PASSED] - setText: Text 'vikasb.smartparking@gmail.com' is set on object 'Object Repository/SignIn_OR/Page_SmartCloud  Login/input_email'

2018-05-25 13:33:27 - [MESSAGE][PASSED] - Text 'vikasb.smartparking@gmail.com' is set on object 'Object Repository/SignIn_OR/Page_SmartCloud  Login/input_email'

2018-05-25 13:33:27 - [TEST_STEP][PASSED] - verifyElementPresent: Object 'Object Repository/SignIn_OR/Page_SmartCloud  Login/button_Next' is present

2018-05-25 13:33:27 - [MESSAGE][WARNING] - Timeout '0' is invalid. Using default page load timeout: '30'

2018-05-25 13:33:29 - [MESSAGE][PASSED] - Object 'Object Repository/SignIn_OR/Page_SmartCloud  Login/button_Next' is present

2018-05-25 13:33:29 - [TEST_STEP][PASSED] - verifyElementPresent: Object 'Object Repository/SignIn_OR/Page_SmartCloud  Login/button_Cancel' is present

2018-05-25 13:33:29 - [MESSAGE][WARNING] - Timeout '0' is invalid. Using default page load timeout: '30'

2018-05-25 13:33:30 - [MESSAGE][PASSED] - Object 'Object Repository/SignIn_OR/Page_SmartCloud  Login/button_Cancel' is present

2018-05-25 13:33:30 - [TEST_STEP][PASSED] - click: Object: 'Object Repository/SignIn_OR/Page_SmartCloud  Login/button_Next' is clicked on

2018-05-25 13:33:32 - [MESSAGE][PASSED] - Object: 'Object Repository/SignIn_OR/Page_SmartCloud  Login/button_Next' is clicked on

2018-05-25 13:33:32 - [TEST_STEP][PASSED] - setText: Text 'test1234' is set on object 'Object Repository/SignIn_OR/Page_SmartCloud  Login/input_password'

2018-05-25 13:33:37 - [MESSAGE][PASSED] - Text 'test1234' is set on object 'Object Repository/SignIn_OR/Page_SmartCloud  Login/input_password'

2018-05-25 13:33:37 - [TEST_STEP][PASSED] - verifyElementPresent: Object 'Object Repository/SignIn_OR/Page_SmartCloud  Login/button_Sign In' is present

2018-05-25 13:33:37 - [MESSAGE][WARNING] - Timeout '0' is invalid. Using default page load timeout: '30'

2018-05-25 13:33:38 - [MESSAGE][PASSED] - Object 'Object Repository/SignIn_OR/Page_SmartCloud  Login/button_Sign In' is present

2018-05-25 13:33:38 - [TEST_STEP][PASSED] - click: Object: 'Object Repository/SignIn_OR/Page_SmartCloud  Login/button_Sign In' is clicked on

2018-05-25 13:33:40 - [MESSAGE][PASSED] - Object: 'Object Repository/SignIn_OR/Page_SmartCloud  Login/button_Sign In' is clicked on

2018-05-25 13:33:40 - [TEST_STEP][PASSED] - verifyElementPresent: Object 'Object Repository/SignIn_OR/Page_SmartCloud/h3_SmartPark Dashboard' is present

2018-05-25 13:33:40 - [MESSAGE][WARNING] - Timeout '0' is invalid. Using default page load timeout: '30'

2018-05-25 13:33:48 - [MESSAGE][PASSED] - Object 'Object Repository/SignIn_OR/Page_SmartCloud/h3_SmartPark Dashboard' is present

2018-05-25 13:33:48 - [TEST_STEP][PASSED] - verifyElementPresent: Object 'Object Repository/SignIn_OR/Page_SmartCloud/div_SmartCloud' is present

2018-05-25 13:33:48 - [MESSAGE][WARNING] - Timeout '0' is invalid. Using default page load timeout: '30'

2018-05-25 13:33:49 - [MESSAGE][PASSED] - Object 'Object Repository/SignIn_OR/Page_SmartCloud/div_SmartCloud' is present

2018-05-25 13:33:49 - [TEST_STEP][PASSED] - click: Object: 'Object Repository/Menu_Global_Access_OR/Page_SmartCloud/img' is clicked on

2018-05-25 13:33:51 - [MESSAGE][PASSED] - Object: 'Object Repository/Menu_Global_Access_OR/Page_SmartCloud/img' is clicked on

2018-05-25 13:33:51 - [TEST_STEP][PASSED] - verifyElementPresent: Object 'Object Repository/Menu_Limited_Access_OR/Page_SmartCloud/div_view_quiltMy Dashboardstim' is present

2018-05-25 13:33:51 - [MESSAGE][WARNING] - Timeout '0' is invalid. Using default page load timeout: '30'

2018-05-25 13:33:52 - [MESSAGE][PASSED] - Object 'Object Repository/Menu_Limited_Access_OR/Page_SmartCloud/div_view_quiltMy Dashboardstim' is present

2018-05-25 13:33:52 - [TEST_STEP][PASSED] - verifyElementPresent: Object 'Object Repository/Menu_Global_Access_OR/Page_SmartCloud/div_view_quiltMy Dashboards' is present

2018-05-25 13:33:52 - [MESSAGE][WARNING] - Timeout '0' is invalid. Using default page load timeout: '30'

2018-05-25 13:33:53 - [MESSAGE][PASSED] - Object 'Object Repository/Menu_Global_Access_OR/Page_SmartCloud/div_view_quiltMy Dashboards' is present

2018-05-25 13:33:53 - [TEST_STEP][PASSED] - click: Object: 'Object Repository/Menu_Global_Access_OR/Page_SmartCloud/div_view_quiltMy Dashboards' is clicked on

2018-05-25 13:33:55 - [MESSAGE][PASSED] - Object: 'Object Repository/Menu_Global_Access_OR/Page_SmartCloud/div_view_quiltMy Dashboards' is clicked on

2018-05-25 13:33:55 - [TEST_STEP][PASSED] - verifyElementPresent: Object 'Object Repository/Menu_Global_Access_OR/Page_SmartCloud/div_add_to_queueNew Dashboard' is present

2018-05-25 13:33:55 - [MESSAGE][WARNING] - Timeout '0' is invalid. Using default page load timeout: '30'

2018-05-25 13:33:56 - [MESSAGE][PASSED] - Object 'Object Repository/Menu_Global_Access_OR/Page_SmartCloud/div_add_to_queueNew Dashboard' is present

2018-05-25 13:33:56 - [TEST_STEP][PASSED] - verifyElementPresent: Object 'Object Repository/Menu_Global_Access_OR/Page_SmartCloud/div_time_to_leaveSmartPark' is present

2018-05-25 13:33:56 - [MESSAGE][WARNING] - Timeout '0' is invalid. Using default page load timeout: '30'

2018-05-25 13:33:57 - [MESSAGE][PASSED] - Object 'Object Repository/Menu_Global_Access_OR/Page_SmartCloud/div_time_to_leaveSmartPark' is present

2018-05-25 13:33:57 - [TEST_STEP][PASSED] - click: Object: 'Object Repository/Menu_Global_Access_OR/Page_SmartCloud/div_time_to_leaveSmartPark' is clicked on

2018-05-25 13:33:59 - [MESSAGE][PASSED] - Object: 'Object Repository/Menu_Global_Access_OR/Page_SmartCloud/div_time_to_leaveSmartPark' is clicked on

2018-05-25 13:33:59 - [TEST_STEP][PASSED] - verifyElementPresent: Object 'Object Repository/Menu_Global_Access_OR/Page_SmartCloud/div_time_to_leaveSmart Park Da' is present

2018-05-25 13:33:59 - [MESSAGE][WARNING] - Timeout '0' is invalid. Using default page load timeout: '30'

2018-05-25 13:34:00 - [MESSAGE][PASSED] - Object 'Object Repository/Menu_Global_Access_OR/Page_SmartCloud/div_time_to_leaveSmart Park Da' is present

2018-05-25 13:34:00 - [TEST_STEP][PASSED] - verifyElementNotPresent: Web element with id: 'Object Repository/Menu_Global_Access_OR/Page_SmartCloud/div_local_parkingDefine Sector' located by 'By.xpath: //div[(text() = 'local_parkingDefine Sectors' or . = 'local_parkingDefine Sectors')]' is not present after '30' second(s)

2018-05-25 13:34:00 - [MESSAGE][WARNING] - Timeout '0' is invalid. Using default page load timeout: '30'

2018-05-25 13:34:01 - [MESSAGE][PASSED] - Web element with id: 'Object Repository/Menu_Global_Access_OR/Page_SmartCloud/div_local_parkingDefine Sector' located by 'By.xpath: //div[(text() = 'local_parkingDefine Sectors' or . = 'local_parkingDefine Sectors')]' is not present after '30' second(s)

2018-05-25 13:34:01 - [TEST_STEP][PASSED] - verifyElementNotPresent: Web element with id: 'Object Repository/Menu_Global_Access_OR/Page_SmartCloud/div_local_parkingDefine Lots' located by 'By.xpath: //div[(text() = 'local_parkingDefine Lots' or . = 'local_parkingDefine Lots')]' is not present after '30' second(s)

2018-05-25 13:34:01 - [MESSAGE][WARNING] - Timeout '0' is invalid. Using default page load timeout: '30'

2018-05-25 13:34:02 - [MESSAGE][PASSED] - Web element with id: 'Object Repository/Menu_Global_Access_OR/Page_SmartCloud/div_local_parkingDefine Lots' located by 'By.xpath: //div[(text() = 'local_parkingDefine Lots' or . = 'local_parkingDefine Lots')]' is not present after '30' second(s)

2018-05-25 13:34:02 - [TEST_STEP][PASSED] - verifyElementNotPresent: Web element with id: 'Object Repository/Menu_Global_Access_OR/Page_SmartCloud/div_local_parkingDefine Bay Ty' located by 'By.xpath: //div[(text() = 'local_parkingDefine Bay Types' or . = 'local_parkingDefine Bay Types')]' is not present after '30' second(s)

2018-05-25 13:34:02 - [MESSAGE][WARNING] - Timeout '0' is invalid. Using default page load timeout: '30'

2018-05-25 13:34:03 - [MESSAGE][PASSED] - Web element with id: 'Object Repository/Menu_Global_Access_OR/Page_SmartCloud/div_local_parkingDefine Bay Ty' located by 'By.xpath: //div[(text() = 'local_parkingDefine Bay Types' or . = 'local_parkingDefine Bay Types')]' is not present after '30' second(s)

2018-05-25 13:34:03 - [TEST_STEP][PASSED] - verifyElementPresent: Object 'Object Repository/Menu_Global_Access_OR/Page_SmartCloud/div_data_usageSmartData' is present

2018-05-25 13:34:04 - [MESSAGE][WARNING] - Timeout '0' is invalid. Using default page load timeout: '30'

2018-05-25 13:34:05 - [MESSAGE][PASSED] - Object 'Object Repository/Menu_Global_Access_OR/Page_SmartCloud/div_data_usageSmartData' is present

2018-05-25 13:34:05 - [TEST_STEP][PASSED] - click: Object: 'Object Repository/Menu_Global_Access_OR/Page_SmartCloud/div_data_usageSmartData' is clicked on

2018-05-25 13:34:07 - [MESSAGE][PASSED] - Object: 'Object Repository/Menu_Global_Access_OR/Page_SmartCloud/div_data_usageSmartData' is clicked on

2018-05-25 13:34:07 - [TEST_STEP][PASSED] - verifyElementNotPresent: Web element with id: 'Object Repository/Menu_Global_Access_OR/Page_SmartCloud/div_device_hubSmartZone' located by 'By.xpath: //div[(text() = 'device_hubSmartZone' or . = 'device_hubSmartZone')]' is not present after '30' second(s)

2018-05-25 13:34:07 - [MESSAGE][WARNING] - Timeout '0' is invalid. Using default page load timeout: '30'

2018-05-25 13:34:08 - [MESSAGE][PASSED] - Web element with id: 'Object Repository/Menu_Global_Access_OR/Page_SmartCloud/div_device_hubSmartZone' located by 'By.xpath: //div[(text() = 'device_hubSmartZone' or . = 'device_hubSmartZone')]' is not present after '30' second(s)

2018-05-25 13:34:08 - [TEST_STEP][PASSED] - verifyElementNotPresent: Web element with id: 'Object Repository/Menu_Global_Access_OR/Page_SmartCloud/div_settingsSettings' located by 'By.xpath: //div[(text() = 'settingsSettings' or . = 'settingsSettings')]' is not present after '30' second(s)

2018-05-25 13:34:08 - [MESSAGE][WARNING] - Timeout '0' is invalid. Using default page load timeout: '30'

2018-05-25 13:34:09 - [MESSAGE][PASSED] - Web element with id: 'Object Repository/Menu_Global_Access_OR/Page_SmartCloud/div_settingsSettings' located by 'By.xpath: //div[(text() = 'settingsSettings' or . = 'settingsSettings')]' is not present after '30' second(s)

2018-05-25 13:34:09 - [TEST_STEP][PASSED] - click: Object: 'Object Repository/Menu_Global_Access_OR/Page_SmartCloud/div' is clicked on

2018-05-25 13:34:11 - [MESSAGE][PASSED] - Object: 'Object Repository/Menu_Global_Access_OR/Page_SmartCloud/div' is clicked on

2018-05-25 13:34:11 - [TEST_STEP][PASSED] - click: Object: 'Object Repository/Menu_Limited_Access_OR/Page_SmartCloud/span_VB' is clicked on

2018-05-25 13:34:13 - [MESSAGE][PASSED] - Object: 'Object Repository/Menu_Limited_Access_OR/Page_SmartCloud/span_VB' is clicked on

2018-05-25 13:34:13 - [TEST_STEP][PASSED] - click: Object: 'Object Repository/Menu_Limited_Access_OR/Page_SmartCloud/a_Logout' is clicked on

2018-05-25 13:34:16 - [MESSAGE][PASSED] - Object: 'Object Repository/Menu_Limited_Access_OR/Page_SmartCloud/a_Logout' is clicked on

2018-05-25 13:34:16 - [TEST_STEP][PASSED] - verifyElementPresent: Object 'Object Repository/SignIn_OR/Page_SmartCloud  Login/button_Sign in with emailEmail' is present

2018-05-25 13:34:16 - [MESSAGE][WARNING] - Timeout '0' is invalid. Using default page load timeout: '30'

2018-05-25 13:34:18 - [MESSAGE][PASSED] - Object 'Object Repository/SignIn_OR/Page_SmartCloud  Login/button_Sign in with emailEmail' is present

2018-05-25 13:34:18 - [TEST_STEP][PASSED] - verifyElementPresent: Object 'Object Repository/SignIn_OR/Page_SmartCloud  Login/button_Sign in with GoogleGoog' is present

2018-05-25 13:34:18 - [MESSAGE][WARNING] - Timeout '0' is invalid. Using default page load timeout: '30'

2018-05-25 13:34:19 - [MESSAGE][PASSED] - Object 'Object Repository/SignIn_OR/Page_SmartCloud  Login/button_Sign in with GoogleGoog' is present

2018-05-25 13:34:19 - [TEST_STEP][PASSED] - closeBrowser: Browser is closed

2018-05-25 13:34:20 - [MESSAGE][PASSED] - Browser is closed]]></system-out>
         <system-err><![CDATA[]]></system-err>
      </testcase>
      <testcase name="Test Cases/Main Test Cases/TC3_Verify User with Global Admin Permissions" classname="Test Cases/Main Test Cases/TC3_Verify User with Global Admin Permissions" status="PASSED">
         <system-out><![CDATA[2018-05-25 13:34:20 - [TEST_CASE][PASSED] - Test Cases/Main Test Cases/TC3_Verify User with Global Admin Permissions: Test Cases/Main Test Cases/TC3_Verify User with Global Admin Permissions

2018-05-25 13:34:20 - [TEST_STEP][PASSED] - openBrowser: Browser is opened with url: ''

2018-05-25 13:34:25 - [MESSAGE][PASSED] - Browser is opened with url: ''

2018-05-25 13:34:25 - [TEST_STEP][PASSED] - deleteAllCookies: Delete all cookies successfully

2018-05-25 13:34:26 - [MESSAGE][PASSED] - Delete all cookies successfully

2018-05-25 13:34:26 - [TEST_STEP][PASSED] - refresh: Refresh successfully

2018-05-25 13:34:27 - [MESSAGE][PASSED] - Refresh successfully

2018-05-25 13:34:27 - [TEST_STEP][PASSED] - navigateToUrl: Navigate to 'https://neptune-staging.smartcloud.smartsys.io' successfully

2018-05-25 13:34:30 - [MESSAGE][PASSED] - Navigate to 'https://neptune-staging.smartcloud.smartsys.io' successfully

2018-05-25 13:34:30 - [TEST_STEP][PASSED] - maximizeWindow: Current window maximized

2018-05-25 13:34:32 - [MESSAGE][PASSED] - Current window maximized

2018-05-25 13:34:32 - [TEST_STEP][PASSED] - verifyElementPresent: Object 'Object Repository/SignIn_OR/Page_SmartCloud  Login/button_Sign in with emailEmail' is present

2018-05-25 13:34:32 - [MESSAGE][WARNING] - Timeout '0' is invalid. Using default page load timeout: '30'

2018-05-25 13:34:33 - [MESSAGE][PASSED] - Object 'Object Repository/SignIn_OR/Page_SmartCloud  Login/button_Sign in with emailEmail' is present

2018-05-25 13:34:33 - [TEST_STEP][PASSED] - verifyElementPresent: Object 'Object Repository/SignIn_OR/Page_SmartCloud  Login/button_Sign in with GoogleGoog' is present

2018-05-25 13:34:33 - [MESSAGE][WARNING] - Timeout '0' is invalid. Using default page load timeout: '30'

2018-05-25 13:34:34 - [MESSAGE][PASSED] - Object 'Object Repository/SignIn_OR/Page_SmartCloud  Login/button_Sign in with GoogleGoog' is present

2018-05-25 13:34:34 - [TEST_STEP][PASSED] - click: Object: 'Object Repository/SignIn_OR/Page_SmartCloud  Login/span_Sign in with email' is clicked on

2018-05-25 13:34:36 - [MESSAGE][PASSED] - Object: 'Object Repository/SignIn_OR/Page_SmartCloud  Login/span_Sign in with email' is clicked on

2018-05-25 13:34:36 - [TEST_STEP][PASSED] - verifyElementPresent: Object 'Object Repository/SignIn_OR/Page_SmartCloud  Login/div_Email' is present

2018-05-25 13:34:36 - [MESSAGE][WARNING] - Timeout '0' is invalid. Using default page load timeout: '30'

2018-05-25 13:34:37 - [MESSAGE][PASSED] - Object 'Object Repository/SignIn_OR/Page_SmartCloud  Login/div_Email' is present

2018-05-25 13:34:37 - [TEST_STEP][PASSED] - verifyElementPresent: Object 'Object Repository/SignIn_OR/Page_SmartCloud  Login/h1_Sign in with email' is present

2018-05-25 13:34:37 - [MESSAGE][WARNING] - Timeout '0' is invalid. Using default page load timeout: '30'

2018-05-25 13:34:38 - [MESSAGE][PASSED] - Object 'Object Repository/SignIn_OR/Page_SmartCloud  Login/h1_Sign in with email' is present

2018-05-25 13:34:38 - [TEST_STEP][PASSED] - setText: Text 'vikas.bhalla@smartparking.com' is set on object 'Object Repository/SignIn_OR/Page_SmartCloud  Login/input_email'

2018-05-25 13:34:42 - [MESSAGE][PASSED] - Text 'vikas.bhalla@smartparking.com' is set on object 'Object Repository/SignIn_OR/Page_SmartCloud  Login/input_email'

2018-05-25 13:34:42 - [TEST_STEP][PASSED] - verifyElementPresent: Object 'Object Repository/SignIn_OR/Page_SmartCloud  Login/button_Next' is present

2018-05-25 13:34:42 - [MESSAGE][WARNING] - Timeout '0' is invalid. Using default page load timeout: '30'

2018-05-25 13:34:43 - [MESSAGE][PASSED] - Object 'Object Repository/SignIn_OR/Page_SmartCloud  Login/button_Next' is present

2018-05-25 13:34:43 - [TEST_STEP][PASSED] - verifyElementPresent: Object 'Object Repository/SignIn_OR/Page_SmartCloud  Login/button_Cancel' is present

2018-05-25 13:34:43 - [MESSAGE][WARNING] - Timeout '0' is invalid. Using default page load timeout: '30'

2018-05-25 13:34:44 - [MESSAGE][PASSED] - Object 'Object Repository/SignIn_OR/Page_SmartCloud  Login/button_Cancel' is present

2018-05-25 13:34:44 - [TEST_STEP][PASSED] - click: Object: 'Object Repository/SignIn_OR/Page_SmartCloud  Login/button_Next' is clicked on

2018-05-25 13:34:46 - [MESSAGE][PASSED] - Object: 'Object Repository/SignIn_OR/Page_SmartCloud  Login/button_Next' is clicked on

2018-05-25 13:34:46 - [TEST_STEP][PASSED] - setText: Text 'Prod1234' is set on object 'Object Repository/SignIn_OR/Page_SmartCloud  Login/input_password'

2018-05-25 13:34:52 - [MESSAGE][PASSED] - Text 'Prod1234' is set on object 'Object Repository/SignIn_OR/Page_SmartCloud  Login/input_password'

2018-05-25 13:34:52 - [TEST_STEP][PASSED] - verifyElementPresent: Object 'Object Repository/SignIn_OR/Page_SmartCloud  Login/button_Sign In' is present

2018-05-25 13:34:52 - [MESSAGE][WARNING] - Timeout '0' is invalid. Using default page load timeout: '30'

2018-05-25 13:34:53 - [MESSAGE][PASSED] - Object 'Object Repository/SignIn_OR/Page_SmartCloud  Login/button_Sign In' is present

2018-05-25 13:34:53 - [TEST_STEP][PASSED] - click: Object: 'Object Repository/SignIn_OR/Page_SmartCloud  Login/button_Sign In' is clicked on

2018-05-25 13:34:55 - [MESSAGE][PASSED] - Object: 'Object Repository/SignIn_OR/Page_SmartCloud  Login/button_Sign In' is clicked on

2018-05-25 13:34:55 - [TEST_STEP][PASSED] - verifyElementPresent: Object 'Object Repository/SignIn_OR/Page_SmartCloud/h3_SmartPark Dashboard' is present

2018-05-25 13:34:55 - [MESSAGE][WARNING] - Timeout '0' is invalid. Using default page load timeout: '30'

2018-05-25 13:35:02 - [MESSAGE][PASSED] - Object 'Object Repository/SignIn_OR/Page_SmartCloud/h3_SmartPark Dashboard' is present

2018-05-25 13:35:02 - [TEST_STEP][PASSED] - verifyElementPresent: Object 'Object Repository/SignIn_OR/Page_SmartCloud/div_SmartCloud' is present

2018-05-25 13:35:02 - [MESSAGE][WARNING] - Timeout '0' is invalid. Using default page load timeout: '30'

2018-05-25 13:35:03 - [MESSAGE][PASSED] - Object 'Object Repository/SignIn_OR/Page_SmartCloud/div_SmartCloud' is present

2018-05-25 13:35:03 - [TEST_STEP][PASSED] - click: Object: 'Object Repository/Menu_Global_Access_OR/Page_SmartCloud/img' is clicked on

2018-05-25 13:35:05 - [MESSAGE][PASSED] - Object: 'Object Repository/Menu_Global_Access_OR/Page_SmartCloud/img' is clicked on

2018-05-25 13:35:05 - [TEST_STEP][PASSED] - verifyElementPresent: Object 'Object Repository/Menu_Global_Access_OR/Page_SmartCloud/div_view_quiltMy Dashboardstim' is present

2018-05-25 13:35:05 - [MESSAGE][WARNING] - Timeout '0' is invalid. Using default page load timeout: '30'

2018-05-25 13:35:06 - [MESSAGE][PASSED] - Object 'Object Repository/Menu_Global_Access_OR/Page_SmartCloud/div_view_quiltMy Dashboardstim' is present

2018-05-25 13:35:06 - [TEST_STEP][PASSED] - verifyElementPresent: Object 'Object Repository/Menu_Global_Access_OR/Page_SmartCloud/div_view_quiltMy Dashboards' is present

2018-05-25 13:35:06 - [MESSAGE][WARNING] - Timeout '0' is invalid. Using default page load timeout: '30'

2018-05-25 13:35:07 - [MESSAGE][PASSED] - Object 'Object Repository/Menu_Global_Access_OR/Page_SmartCloud/div_view_quiltMy Dashboards' is present

2018-05-25 13:35:07 - [TEST_STEP][PASSED] - click: Object: 'Object Repository/Menu_Global_Access_OR/Page_SmartCloud/div_view_quiltMy Dashboards' is clicked on

2018-05-25 13:35:10 - [MESSAGE][PASSED] - Object: 'Object Repository/Menu_Global_Access_OR/Page_SmartCloud/div_view_quiltMy Dashboards' is clicked on

2018-05-25 13:35:10 - [TEST_STEP][PASSED] - verifyElementPresent: Object 'Object Repository/Menu_Global_Access_OR/Page_SmartCloud/div_add_to_queueNew Dashboard' is present

2018-05-25 13:35:10 - [MESSAGE][WARNING] - Timeout '0' is invalid. Using default page load timeout: '30'

2018-05-25 13:35:11 - [MESSAGE][PASSED] - Object 'Object Repository/Menu_Global_Access_OR/Page_SmartCloud/div_add_to_queueNew Dashboard' is present

2018-05-25 13:35:11 - [TEST_STEP][PASSED] - verifyElementPresent: Object 'Object Repository/Menu_Global_Access_OR/Page_SmartCloud/div_time_to_leaveSmartPark' is present

2018-05-25 13:35:11 - [MESSAGE][WARNING] - Timeout '0' is invalid. Using default page load timeout: '30'

2018-05-25 13:35:12 - [MESSAGE][PASSED] - Object 'Object Repository/Menu_Global_Access_OR/Page_SmartCloud/div_time_to_leaveSmartPark' is present

2018-05-25 13:35:12 - [TEST_STEP][PASSED] - click: Object: 'Object Repository/Menu_Global_Access_OR/Page_SmartCloud/div_time_to_leaveSmartPark' is clicked on

2018-05-25 13:35:14 - [MESSAGE][PASSED] - Object: 'Object Repository/Menu_Global_Access_OR/Page_SmartCloud/div_time_to_leaveSmartPark' is clicked on

2018-05-25 13:35:14 - [TEST_STEP][PASSED] - verifyElementPresent: Object 'Object Repository/Menu_Global_Access_OR/Page_SmartCloud/div_time_to_leaveSmart Park Da' is present

2018-05-25 13:35:14 - [MESSAGE][WARNING] - Timeout '0' is invalid. Using default page load timeout: '30'

2018-05-25 13:35:15 - [MESSAGE][PASSED] - Object 'Object Repository/Menu_Global_Access_OR/Page_SmartCloud/div_time_to_leaveSmart Park Da' is present

2018-05-25 13:35:15 - [TEST_STEP][PASSED] - verifyElementPresent: Object 'Object Repository/Menu_Global_Access_OR/Page_SmartCloud/div_local_parkingDefine Sector' is present

2018-05-25 13:35:15 - [MESSAGE][WARNING] - Timeout '0' is invalid. Using default page load timeout: '30'

2018-05-25 13:35:16 - [MESSAGE][PASSED] - Object 'Object Repository/Menu_Global_Access_OR/Page_SmartCloud/div_local_parkingDefine Sector' is present

2018-05-25 13:35:16 - [TEST_STEP][PASSED] - verifyElementPresent: Object 'Object Repository/Menu_Global_Access_OR/Page_SmartCloud/div_local_parkingDefine Lots' is present

2018-05-25 13:35:16 - [MESSAGE][WARNING] - Timeout '0' is invalid. Using default page load timeout: '30'

2018-05-25 13:35:17 - [MESSAGE][PASSED] - Object 'Object Repository/Menu_Global_Access_OR/Page_SmartCloud/div_local_parkingDefine Lots' is present

2018-05-25 13:35:17 - [TEST_STEP][PASSED] - verifyElementPresent: Object 'Object Repository/Menu_Global_Access_OR/Page_SmartCloud/div_local_parkingDefine Bay Ty' is present

2018-05-25 13:35:17 - [MESSAGE][WARNING] - Timeout '0' is invalid. Using default page load timeout: '30'

2018-05-25 13:35:18 - [MESSAGE][PASSED] - Object 'Object Repository/Menu_Global_Access_OR/Page_SmartCloud/div_local_parkingDefine Bay Ty' is present

2018-05-25 13:35:18 - [TEST_STEP][PASSED] - verifyElementPresent: Object 'Object Repository/Menu_Global_Access_OR/Page_SmartCloud/div_data_usageSmartData' is present

2018-05-25 13:35:18 - [MESSAGE][WARNING] - Timeout '0' is invalid. Using default page load timeout: '30'

2018-05-25 13:35:19 - [MESSAGE][PASSED] - Object 'Object Repository/Menu_Global_Access_OR/Page_SmartCloud/div_data_usageSmartData' is present

2018-05-25 13:35:19 - [TEST_STEP][PASSED] - click: Object: 'Object Repository/Menu_Global_Access_OR/Page_SmartCloud/div_data_usageSmartData' is clicked on

2018-05-25 13:35:21 - [MESSAGE][PASSED] - Object: 'Object Repository/Menu_Global_Access_OR/Page_SmartCloud/div_data_usageSmartData' is clicked on

2018-05-25 13:35:21 - [TEST_STEP][PASSED] - verifyElementPresent: Object 'Object Repository/Menu_Global_Access_OR/Page_SmartCloud/div_library_booksDefine Report' is present

2018-05-25 13:35:21 - [MESSAGE][WARNING] - Timeout '0' is invalid. Using default page load timeout: '30'

2018-05-25 13:35:22 - [MESSAGE][PASSED] - Object 'Object Repository/Menu_Global_Access_OR/Page_SmartCloud/div_library_booksDefine Report' is present

2018-05-25 13:35:22 - [TEST_STEP][PASSED] - click: Object: 'Object Repository/Menu_Global_Access_OR/Page_SmartCloud/div_device_hubSmartZone' is clicked on

2018-05-25 13:35:24 - [MESSAGE][PASSED] - Object: 'Object Repository/Menu_Global_Access_OR/Page_SmartCloud/div_device_hubSmartZone' is clicked on

2018-05-25 13:35:24 - [TEST_STEP][PASSED] - verifyElementPresent: Object 'Object Repository/Menu_Global_Access_OR/Page_SmartCloud/div_device_hubSmartZone' is present

2018-05-25 13:35:24 - [MESSAGE][WARNING] - Timeout '0' is invalid. Using default page load timeout: '30'

2018-05-25 13:35:25 - [MESSAGE][PASSED] - Object 'Object Repository/Menu_Global_Access_OR/Page_SmartCloud/div_device_hubSmartZone' is present

2018-05-25 13:35:25 - [TEST_STEP][PASSED] - verifyElementPresent: Object 'Object Repository/Menu_Global_Access_OR/Page_SmartCloud/div_device_hubSmartZone Dashbo' is present

2018-05-25 13:35:25 - [MESSAGE][WARNING] - Timeout '0' is invalid. Using default page load timeout: '30'

2018-05-25 13:35:26 - [MESSAGE][PASSED] - Object 'Object Repository/Menu_Global_Access_OR/Page_SmartCloud/div_device_hubSmartZone Dashbo' is present

2018-05-25 13:35:26 - [TEST_STEP][PASSED] - verifyElementPresent: Object 'Object Repository/Menu_Global_Access_OR/Page_SmartCloud/div_pin_dropMap Devices' is present

2018-05-25 13:35:26 - [MESSAGE][WARNING] - Timeout '0' is invalid. Using default page load timeout: '30'

2018-05-25 13:35:27 - [MESSAGE][PASSED] - Object 'Object Repository/Menu_Global_Access_OR/Page_SmartCloud/div_pin_dropMap Devices' is present

2018-05-25 13:35:27 - [TEST_STEP][PASSED] - verifyElementPresent: Object 'Object Repository/Menu_Global_Access_OR/Page_SmartCloud/div_storageGroup Devices' is present

2018-05-25 13:35:27 - [MESSAGE][WARNING] - Timeout '0' is invalid. Using default page load timeout: '30'

2018-05-25 13:35:28 - [MESSAGE][PASSED] - Object 'Object Repository/Menu_Global_Access_OR/Page_SmartCloud/div_storageGroup Devices' is present

2018-05-25 13:35:28 - [TEST_STEP][PASSED] - verifyElementPresent: Object 'Object Repository/Menu_Global_Access_OR/Page_SmartCloud/div_storageRF Survey' is present

2018-05-25 13:35:28 - [MESSAGE][WARNING] - Timeout '0' is invalid. Using default page load timeout: '30'

2018-05-25 13:35:29 - [MESSAGE][PASSED] - Object 'Object Repository/Menu_Global_Access_OR/Page_SmartCloud/div_storageRF Survey' is present

2018-05-25 13:35:29 - [TEST_STEP][PASSED] - verifyElementPresent: Object 'Object Repository/Menu_Global_Access_OR/Page_SmartCloud/div_view_moduleSmartZone - Sen' is present

2018-05-25 13:35:29 - [MESSAGE][WARNING] - Timeout '0' is invalid. Using default page load timeout: '30'

2018-05-25 13:35:30 - [MESSAGE][PASSED] - Object 'Object Repository/Menu_Global_Access_OR/Page_SmartCloud/div_view_moduleSmartZone - Sen' is present

2018-05-25 13:35:30 - [TEST_STEP][PASSED] - click: Object: 'Object Repository/Menu_Global_Access_OR/Page_SmartCloud/div_Settings' is clicked on

2018-05-25 13:35:33 - [MESSAGE][PASSED] - Object: 'Object Repository/Menu_Global_Access_OR/Page_SmartCloud/div_Settings' is clicked on

2018-05-25 13:35:33 - [TEST_STEP][PASSED] - verifyElementPresent: Object 'Object Repository/Menu_Global_Access_OR/Page_SmartCloud/div_settingsSettings' is present

2018-05-25 13:35:33 - [MESSAGE][WARNING] - Timeout '0' is invalid. Using default page load timeout: '30'

2018-05-25 13:35:34 - [MESSAGE][PASSED] - Object 'Object Repository/Menu_Global_Access_OR/Page_SmartCloud/div_settingsSettings' is present

2018-05-25 13:35:34 - [TEST_STEP][PASSED] - verifyElementPresent: Object 'Object Repository/Menu_Global_Access_OR/Page_SmartCloud/div_queueDefine Site' is present

2018-05-25 13:35:34 - [MESSAGE][WARNING] - Timeout '0' is invalid. Using default page load timeout: '30'

2018-05-25 13:35:35 - [MESSAGE][PASSED] - Object 'Object Repository/Menu_Global_Access_OR/Page_SmartCloud/div_queueDefine Site' is present

2018-05-25 13:35:35 - [TEST_STEP][PASSED] - verifyElementPresent: Object 'Object Repository/Menu_Global_Access_OR/Page_SmartCloud/div_editEdit Site' is present

2018-05-25 13:35:35 - [MESSAGE][WARNING] - Timeout '0' is invalid. Using default page load timeout: '30'

2018-05-25 13:35:36 - [MESSAGE][PASSED] - Object 'Object Repository/Menu_Global_Access_OR/Page_SmartCloud/div_editEdit Site' is present

2018-05-25 13:35:36 - [TEST_STEP][PASSED] - verifyElementPresent: Object 'Object Repository/Menu_Global_Access_OR/Page_SmartCloud/div_view_arrayGroups Editor' is present

2018-05-25 13:35:36 - [MESSAGE][WARNING] - Timeout '0' is invalid. Using default page load timeout: '30'

2018-05-25 13:35:37 - [MESSAGE][PASSED] - Object 'Object Repository/Menu_Global_Access_OR/Page_SmartCloud/div_view_arrayGroups Editor' is present

2018-05-25 13:35:37 - [TEST_STEP][PASSED] - verifyElementPresent: Object 'Object Repository/Menu_Global_Access_OR/Page_SmartCloud/div_question_answereAdd Url Ti' is present

2018-05-25 13:35:37 - [MESSAGE][WARNING] - Timeout '0' is invalid. Using default page load timeout: '30'

2018-05-25 13:35:38 - [MESSAGE][PASSED] - Object 'Object Repository/Menu_Global_Access_OR/Page_SmartCloud/div_question_answereAdd Url Ti' is present

2018-05-25 13:35:38 - [TEST_STEP][PASSED] - verifyElementPresent: Object 'Object Repository/Menu_Global_Access_OR/Page_SmartCloud/div_personUsers' is present

2018-05-25 13:35:38 - [MESSAGE][WARNING] - Timeout '0' is invalid. Using default page load timeout: '30'

2018-05-25 13:35:39 - [MESSAGE][PASSED] - Object 'Object Repository/Menu_Global_Access_OR/Page_SmartCloud/div_personUsers' is present

2018-05-25 13:35:39 - [TEST_STEP][PASSED] - verifyElementPresent: Object 'Object Repository/Menu_Global_Access_OR/Page_SmartCloud/div_view_quiltAdd External Too' is present

2018-05-25 13:35:39 - [MESSAGE][WARNING] - Timeout '0' is invalid. Using default page load timeout: '30'

2018-05-25 13:35:40 - [MESSAGE][PASSED] - Object 'Object Repository/Menu_Global_Access_OR/Page_SmartCloud/div_view_quiltAdd External Too' is present

2018-05-25 13:35:40 - [TEST_STEP][PASSED] - click: Object: 'Object Repository/Menu_Global_Access_OR/Page_SmartCloud/div' is clicked on

2018-05-25 13:35:42 - [MESSAGE][PASSED] - Object: 'Object Repository/Menu_Global_Access_OR/Page_SmartCloud/div' is clicked on

2018-05-25 13:35:42 - [TEST_STEP][PASSED] - click: Object: 'Object Repository/SignIn_OR/Page_SmartCloud/img' is clicked on

2018-05-25 13:35:44 - [MESSAGE][PASSED] - Object: 'Object Repository/SignIn_OR/Page_SmartCloud/img' is clicked on

2018-05-25 13:35:44 - [TEST_STEP][PASSED] - click: Object: 'Object Repository/SignIn_OR/Page_SmartCloud/a_Logout' is clicked on

2018-05-25 13:35:47 - [MESSAGE][PASSED] - Object: 'Object Repository/SignIn_OR/Page_SmartCloud/a_Logout' is clicked on

2018-05-25 13:35:47 - [TEST_STEP][PASSED] - verifyElementPresent: Object 'Object Repository/SignIn_OR/Page_SmartCloud  Login/button_Sign in with emailEmail' is present

2018-05-25 13:35:47 - [MESSAGE][WARNING] - Timeout '0' is invalid. Using default page load timeout: '30'

2018-05-25 13:35:48 - [MESSAGE][PASSED] - Object 'Object Repository/SignIn_OR/Page_SmartCloud  Login/button_Sign in with emailEmail' is present

2018-05-25 13:35:48 - [TEST_STEP][PASSED] - verifyElementPresent: Object 'Object Repository/SignIn_OR/Page_SmartCloud  Login/button_Sign in with GoogleGoog' is present

2018-05-25 13:35:48 - [MESSAGE][WARNING] - Timeout '0' is invalid. Using default page load timeout: '30'

2018-05-25 13:35:49 - [MESSAGE][PASSED] - Object 'Object Repository/SignIn_OR/Page_SmartCloud  Login/button_Sign in with GoogleGoog' is present

2018-05-25 13:35:49 - [TEST_STEP][PASSED] - closeBrowser: Browser is closed

2018-05-25 13:35:51 - [MESSAGE][PASSED] - Browser is closed]]></system-out>
         <system-err><![CDATA[]]></system-err>
      </testcase>
      <system-out><![CDATA[2018-05-25 13:32:11 - [TEST_SUITE][PASSED] - Test Suite 1: Test Cases/Main Test Cases/TC3_Verify User with Global Admin Permissions]]></system-out>
      <system-err><![CDATA[]]></system-err>
   </testsuite>
</testsuites>
